0 info it worked if it ends with ok
1 verbose cli [ '/usr/local/bin/node', '/usr/local/bin/npm', 'i', 'pg-native' ]
2 info using npm@3.10.9
3 info using node@v6.9.2
4 silly loadCurrentTree Starting
5 silly install loadCurrentTree
6 silly install readLocalPackageData
7 silly fetchPackageMetaData pg-native
8 silly fetchNamedPackageData pg-native
9 silly mapToRegistry name pg-native
10 silly mapToRegistry using default registry
11 silly mapToRegistry registry https://registry.npmjs.org/
12 silly mapToRegistry data Result {
12 silly mapToRegistry   raw: 'pg-native',
12 silly mapToRegistry   scope: null,
12 silly mapToRegistry   escapedName: 'pg-native',
12 silly mapToRegistry   name: 'pg-native',
12 silly mapToRegistry   rawSpec: '',
12 silly mapToRegistry   spec: 'latest',
12 silly mapToRegistry   type: 'tag' }
13 silly mapToRegistry uri https://registry.npmjs.org/pg-native
14 verbose request uri https://registry.npmjs.org/pg-native
15 verbose request no auth needed
16 info attempt registry request try #1 at 5:22:42 PM
17 verbose request id 529182385838a563
18 http request GET https://registry.npmjs.org/pg-native
19 http 200 https://registry.npmjs.org/pg-native
20 verbose headers { server: 'nginx/1.10.1',
20 verbose headers   'content-type': 'application/json',
20 verbose headers   'last-modified': 'Tue, 22 Dec 2015 19:17:42 GMT',
20 verbose headers   etag: 'W/"5679a1d6-a891"',
20 verbose headers   'content-encoding': 'gzip',
20 verbose headers   'cache-control': 'max-age=300',
20 verbose headers   'content-length': '6817',
20 verbose headers   'accept-ranges': 'bytes',
20 verbose headers   date: 'Sat, 24 Dec 2016 20:22:42 GMT',
20 verbose headers   via: '1.1 varnish',
20 verbose headers   age: '0',
20 verbose headers   connection: 'keep-alive',
20 verbose headers   'x-served-by': 'cache-gru7120-GRU',
20 verbose headers   'x-cache': 'MISS',
20 verbose headers   'x-cache-hits': '0',
20 verbose headers   'x-timer': 'S1482610962.469034,VS0,VE182',
20 verbose headers   vary: 'Accept-Encoding' }
21 silly get cb [ 200,
21 silly get   { server: 'nginx/1.10.1',
21 silly get     'content-type': 'application/json',
21 silly get     'last-modified': 'Tue, 22 Dec 2015 19:17:42 GMT',
21 silly get     etag: 'W/"5679a1d6-a891"',
21 silly get     'content-encoding': 'gzip',
21 silly get     'cache-control': 'max-age=300',
21 silly get     'content-length': '6817',
21 silly get     'accept-ranges': 'bytes',
21 silly get     date: 'Sat, 24 Dec 2016 20:22:42 GMT',
21 silly get     via: '1.1 varnish',
21 silly get     age: '0',
21 silly get     connection: 'keep-alive',
21 silly get     'x-served-by': 'cache-gru7120-GRU',
21 silly get     'x-cache': 'MISS',
21 silly get     'x-cache-hits': '0',
21 silly get     'x-timer': 'S1482610962.469034,VS0,VE182',
21 silly get     vary: 'Accept-Encoding' } ]
22 verbose get saving pg-native to /Users/JulianLima/.npm/registry.npmjs.org/pg-native/.cache.json
23 verbose correctMkdir /Users/JulianLima/.npm correctMkdir not in flight; initializing
24 silly install normalizeTree
25 silly loadCurrentTree Finishing
26 silly loadIdealTree Starting
27 silly install loadIdealTree
28 silly cloneCurrentTree Starting
29 silly install cloneCurrentTreeToIdealTree
30 silly cloneCurrentTree Finishing
31 silly loadShrinkwrap Starting
32 silly install loadShrinkwrap
33 silly loadShrinkwrap Finishing
34 silly loadAllDepsIntoIdealTree Starting
35 silly install loadAllDepsIntoIdealTree
36 silly resolveWithNewModule pg-native@1.10.0 checking installable status
37 silly cache add args [ 'pg-native', null ]
38 verbose cache add spec pg-native
39 silly cache add parsed spec Result {
39 silly cache add   raw: 'pg-native',
39 silly cache add   scope: null,
39 silly cache add   escapedName: 'pg-native',
39 silly cache add   name: 'pg-native',
39 silly cache add   rawSpec: '',
39 silly cache add   spec: 'latest',
39 silly cache add   type: 'tag' }
40 silly addNamed pg-native@latest
41 verbose addNamed "latest" is being treated as a dist-tag for pg-native
42 info addNameTag [ 'pg-native', 'latest' ]
43 silly mapToRegistry name pg-native
44 silly mapToRegistry using default registry
45 silly mapToRegistry registry https://registry.npmjs.org/
46 silly mapToRegistry data Result {
46 silly mapToRegistry   raw: 'pg-native',
46 silly mapToRegistry   scope: null,
46 silly mapToRegistry   escapedName: 'pg-native',
46 silly mapToRegistry   name: 'pg-native',
46 silly mapToRegistry   rawSpec: '',
46 silly mapToRegistry   spec: 'latest',
46 silly mapToRegistry   type: 'tag' }
47 silly mapToRegistry uri https://registry.npmjs.org/pg-native
48 verbose addNameTag registry:https://registry.npmjs.org/pg-native not in flight; fetching
49 verbose get https://registry.npmjs.org/pg-native not expired, no request
50 silly addNameTag next cb for pg-native with tag latest
51 silly addNamed pg-native@1.10.0
52 verbose addNamed "1.10.0" is a plain semver version for pg-native
53 silly mapToRegistry name pg-native
54 silly mapToRegistry using default registry
55 silly mapToRegistry registry https://registry.npmjs.org/
56 silly mapToRegistry data Result {
56 silly mapToRegistry   raw: 'pg-native',
56 silly mapToRegistry   scope: null,
56 silly mapToRegistry   escapedName: 'pg-native',
56 silly mapToRegistry   name: 'pg-native',
56 silly mapToRegistry   rawSpec: '',
56 silly mapToRegistry   spec: 'latest',
56 silly mapToRegistry   type: 'tag' }
57 silly mapToRegistry uri https://registry.npmjs.org/pg-native
58 verbose addRemoteTarball https://registry.npmjs.org/pg-native/-/pg-native-1.10.0.tgz not in flight; adding
59 verbose addRemoteTarball [ 'https://registry.npmjs.org/pg-native/-/pg-native-1.10.0.tgz',
59 verbose addRemoteTarball   'abe299214afa2be51db5f5104e14770c738230fd' ]
60 info retry fetch attempt 1 at 5:22:42 PM
61 info attempt registry request try #1 at 5:22:42 PM
62 http fetch GET https://registry.npmjs.org/pg-native/-/pg-native-1.10.0.tgz
63 http fetch 200 https://registry.npmjs.org/pg-native/-/pg-native-1.10.0.tgz
64 silly fetchAndShaCheck shasum abe299214afa2be51db5f5104e14770c738230fd
65 verbose addTmpTarball /var/folders/cz/6dzczll14x3fmvvsfyffsq1r0000gn/T/npm-11847-7cfaac18/registry.npmjs.org/pg-native/-/pg-native-1.10.0.tgz not in flight; adding
66 verbose addTmpTarball already have metadata; skipping unpack for pg-native@1.10.0
67 verbose correctMkdir /Users/JulianLima/.npm correctMkdir not in flight; initializing
68 silly cache afterAdd pg-native@1.10.0
69 verbose afterAdd /Users/JulianLima/.npm/pg-native/1.10.0/package/package.json not in flight; writing
70 verbose correctMkdir /Users/JulianLima/.npm correctMkdir not in flight; initializing
71 verbose afterAdd /Users/JulianLima/.npm/pg-native/1.10.0/package/package.json written
72 silly fetchNamedPackageData libpq
73 silly mapToRegistry name libpq
74 silly mapToRegistry using default registry
75 silly mapToRegistry registry https://registry.npmjs.org/
76 silly mapToRegistry data Result {
76 silly mapToRegistry   raw: 'libpq',
76 silly mapToRegistry   scope: null,
76 silly mapToRegistry   escapedName: 'libpq',
76 silly mapToRegistry   name: 'libpq',
76 silly mapToRegistry   rawSpec: '',
76 silly mapToRegistry   spec: 'latest',
76 silly mapToRegistry   type: 'tag' }
77 silly mapToRegistry uri https://registry.npmjs.org/libpq
78 silly fetchNamedPackageData pg-types
79 silly mapToRegistry name pg-types
80 silly mapToRegistry using default registry
81 silly mapToRegistry registry https://registry.npmjs.org/
82 silly mapToRegistry data Result {
82 silly mapToRegistry   raw: 'pg-types',
82 silly mapToRegistry   scope: null,
82 silly mapToRegistry   escapedName: 'pg-types',
82 silly mapToRegistry   name: 'pg-types',
82 silly mapToRegistry   rawSpec: '',
82 silly mapToRegistry   spec: 'latest',
82 silly mapToRegistry   type: 'tag' }
83 silly mapToRegistry uri https://registry.npmjs.org/pg-types
84 silly fetchNamedPackageData readable-stream
85 silly mapToRegistry name readable-stream
86 silly mapToRegistry using default registry
87 silly mapToRegistry registry https://registry.npmjs.org/
88 silly mapToRegistry data Result {
88 silly mapToRegistry   raw: 'readable-stream',
88 silly mapToRegistry   scope: null,
88 silly mapToRegistry   escapedName: 'readable-stream',
88 silly mapToRegistry   name: 'readable-stream',
88 silly mapToRegistry   rawSpec: '',
88 silly mapToRegistry   spec: 'latest',
88 silly mapToRegistry   type: 'tag' }
89 silly mapToRegistry uri https://registry.npmjs.org/readable-stream
90 verbose request uri https://registry.npmjs.org/libpq
91 verbose request no auth needed
92 info attempt registry request try #1 at 5:22:42 PM
93 http request GET https://registry.npmjs.org/libpq
94 verbose request uri https://registry.npmjs.org/readable-stream
95 verbose request no auth needed
96 info attempt registry request try #1 at 5:22:42 PM
97 http request GET https://registry.npmjs.org/readable-stream
98 verbose request uri https://registry.npmjs.org/pg-types
99 verbose request no auth needed
100 info attempt registry request try #1 at 5:22:42 PM
101 verbose etag W/"571a65ca-4149"
102 verbose lastModified Fri, 22 Apr 2016 17:56:26 GMT
103 http request GET https://registry.npmjs.org/pg-types
104 http 200 https://registry.npmjs.org/readable-stream
105 verbose headers { server: 'nginx/1.10.1',
105 verbose headers   'content-type': 'application/json',
105 verbose headers   'last-modified': 'Tue, 22 Nov 2016 12:47:38 GMT',
105 verbose headers   etag: 'W/"58343e6a-12397"',
105 verbose headers   'content-encoding': 'gzip',
105 verbose headers   'cache-control': 'max-age=300',
105 verbose headers   'content-length': '7710',
105 verbose headers   'accept-ranges': 'bytes',
105 verbose headers   date: 'Sat, 24 Dec 2016 20:22:43 GMT',
105 verbose headers   via: '1.1 varnish',
105 verbose headers   age: '175',
105 verbose headers   connection: 'keep-alive',
105 verbose headers   'x-served-by': 'cache-gru7121-GRU',
105 verbose headers   'x-cache': 'HIT',
105 verbose headers   'x-cache-hits': '8',
105 verbose headers   'x-timer': 'S1482610963.059243,VS0,VE0',
105 verbose headers   vary: 'Accept-Encoding' }
106 silly get cb [ 200,
106 silly get   { server: 'nginx/1.10.1',
106 silly get     'content-type': 'application/json',
106 silly get     'last-modified': 'Tue, 22 Nov 2016 12:47:38 GMT',
106 silly get     etag: 'W/"58343e6a-12397"',
106 silly get     'content-encoding': 'gzip',
106 silly get     'cache-control': 'max-age=300',
106 silly get     'content-length': '7710',
106 silly get     'accept-ranges': 'bytes',
106 silly get     date: 'Sat, 24 Dec 2016 20:22:43 GMT',
106 silly get     via: '1.1 varnish',
106 silly get     age: '175',
106 silly get     connection: 'keep-alive',
106 silly get     'x-served-by': 'cache-gru7121-GRU',
106 silly get     'x-cache': 'HIT',
106 silly get     'x-cache-hits': '8',
106 silly get     'x-timer': 'S1482610963.059243,VS0,VE0',
106 silly get     vary: 'Accept-Encoding' } ]
107 verbose get saving readable-stream to /Users/JulianLima/.npm/registry.npmjs.org/readable-stream/.cache.json
108 verbose correctMkdir /Users/JulianLima/.npm correctMkdir not in flight; initializing
109 silly resolveWithNewModule readable-stream@1.0.31 checking installable status
110 silly cache add args [ 'readable-stream@1.0.31', null ]
111 verbose cache add spec readable-stream@1.0.31
112 silly cache add parsed spec Result {
112 silly cache add   raw: 'readable-stream@1.0.31',
112 silly cache add   scope: null,
112 silly cache add   escapedName: 'readable-stream',
112 silly cache add   name: 'readable-stream',
112 silly cache add   rawSpec: '1.0.31',
112 silly cache add   spec: '1.0.31',
112 silly cache add   type: 'version' }
113 silly addNamed readable-stream@1.0.31
114 verbose addNamed "1.0.31" is a plain semver version for readable-stream
115 silly mapToRegistry name readable-stream
116 silly mapToRegistry using default registry
117 silly mapToRegistry registry https://registry.npmjs.org/
118 silly mapToRegistry data Result {
118 silly mapToRegistry   raw: 'readable-stream',
118 silly mapToRegistry   scope: null,
118 silly mapToRegistry   escapedName: 'readable-stream',
118 silly mapToRegistry   name: 'readable-stream',
118 silly mapToRegistry   rawSpec: '',
118 silly mapToRegistry   spec: 'latest',
118 silly mapToRegistry   type: 'tag' }
119 silly mapToRegistry uri https://registry.npmjs.org/readable-stream
120 verbose addNameVersion registry:https://registry.npmjs.org/readable-stream not in flight; fetching
121 verbose get https://registry.npmjs.org/readable-stream not expired, no request
122 silly mapToRegistry name readable-stream
123 silly mapToRegistry using default registry
124 silly mapToRegistry registry https://registry.npmjs.org/
125 silly mapToRegistry data Result {
125 silly mapToRegistry   raw: 'readable-stream',
125 silly mapToRegistry   scope: null,
125 silly mapToRegistry   escapedName: 'readable-stream',
125 silly mapToRegistry   name: 'readable-stream',
125 silly mapToRegistry   rawSpec: '',
125 silly mapToRegistry   spec: 'latest',
125 silly mapToRegistry   type: 'tag' }
126 silly mapToRegistry uri https://registry.npmjs.org/readable-stream
127 verbose addRemoteTarball https://registry.npmjs.org/readable-stream/-/readable-stream-1.0.31.tgz not in flight; adding
128 verbose addRemoteTarball [ 'https://registry.npmjs.org/readable-stream/-/readable-stream-1.0.31.tgz',
128 verbose addRemoteTarball   '8f2502e0bc9e3b0da1b94520aabb4e2603ecafae' ]
129 info retry fetch attempt 1 at 5:22:43 PM
130 info attempt registry request try #1 at 5:22:43 PM
131 http fetch GET https://registry.npmjs.org/readable-stream/-/readable-stream-1.0.31.tgz
132 http fetch 200 https://registry.npmjs.org/readable-stream/-/readable-stream-1.0.31.tgz
133 silly fetchAndShaCheck shasum 8f2502e0bc9e3b0da1b94520aabb4e2603ecafae
134 verbose addTmpTarball /var/folders/cz/6dzczll14x3fmvvsfyffsq1r0000gn/T/npm-11847-7cfaac18/registry.npmjs.org/readable-stream/-/readable-stream-1.0.31.tgz not in flight; adding
135 verbose addTmpTarball already have metadata; skipping unpack for readable-stream@1.0.31
136 verbose correctMkdir /Users/JulianLima/.npm correctMkdir not in flight; initializing
137 silly cache afterAdd readable-stream@1.0.31
138 verbose afterAdd /Users/JulianLima/.npm/readable-stream/1.0.31/package/package.json not in flight; writing
139 verbose correctMkdir /Users/JulianLima/.npm correctMkdir not in flight; initializing
140 verbose afterAdd /Users/JulianLima/.npm/readable-stream/1.0.31/package/package.json written
141 http 200 https://registry.npmjs.org/libpq
142 verbose headers { server: 'nginx/1.10.1',
142 verbose headers   'content-type': 'application/json',
142 verbose headers   'last-modified': 'Wed, 03 Aug 2016 15:30:37 GMT',
142 verbose headers   etag: 'W/"57a20e1d-e371"',
142 verbose headers   'content-encoding': 'gzip',
142 verbose headers   'cache-control': 'max-age=300',
142 verbose headers   'content-length': '10407',
142 verbose headers   'accept-ranges': 'bytes',
142 verbose headers   date: 'Sat, 24 Dec 2016 20:22:43 GMT',
142 verbose headers   via: '1.1 varnish',
142 verbose headers   age: '0',
142 verbose headers   connection: 'keep-alive',
142 verbose headers   'x-served-by': 'cache-gru7120-GRU',
142 verbose headers   'x-cache': 'MISS',
142 verbose headers   'x-cache-hits': '0',
142 verbose headers   'x-timer': 'S1482610962.979146,VS0,VE182',
142 verbose headers   vary: 'Accept-Encoding' }
143 silly get cb [ 200,
143 silly get   { server: 'nginx/1.10.1',
143 silly get     'content-type': 'application/json',
143 silly get     'last-modified': 'Wed, 03 Aug 2016 15:30:37 GMT',
143 silly get     etag: 'W/"57a20e1d-e371"',
143 silly get     'content-encoding': 'gzip',
143 silly get     'cache-control': 'max-age=300',
143 silly get     'content-length': '10407',
143 silly get     'accept-ranges': 'bytes',
143 silly get     date: 'Sat, 24 Dec 2016 20:22:43 GMT',
143 silly get     via: '1.1 varnish',
143 silly get     age: '0',
143 silly get     connection: 'keep-alive',
143 silly get     'x-served-by': 'cache-gru7120-GRU',
143 silly get     'x-cache': 'MISS',
143 silly get     'x-cache-hits': '0',
143 silly get     'x-timer': 'S1482610962.979146,VS0,VE182',
143 silly get     vary: 'Accept-Encoding' } ]
144 verbose get saving libpq to /Users/JulianLima/.npm/registry.npmjs.org/libpq/.cache.json
145 verbose correctMkdir /Users/JulianLima/.npm correctMkdir not in flight; initializing
146 silly resolveWithNewModule libpq@1.8.5 checking installable status
147 silly cache add args [ 'libpq@^1.7.0', null ]
148 verbose cache add spec libpq@^1.7.0
149 silly cache add parsed spec Result {
149 silly cache add   raw: 'libpq@^1.7.0',
149 silly cache add   scope: null,
149 silly cache add   escapedName: 'libpq',
149 silly cache add   name: 'libpq',
149 silly cache add   rawSpec: '^1.7.0',
149 silly cache add   spec: '>=1.7.0 <2.0.0',
149 silly cache add   type: 'range' }
150 silly addNamed libpq@>=1.7.0 <2.0.0
151 verbose addNamed ">=1.7.0 <2.0.0" is a valid semver range for libpq
152 silly addNameRange { name: 'libpq', range: '>=1.7.0 <2.0.0', hasData: false }
153 silly mapToRegistry name libpq
154 silly mapToRegistry using default registry
155 silly mapToRegistry registry https://registry.npmjs.org/
156 silly mapToRegistry data Result {
156 silly mapToRegistry   raw: 'libpq',
156 silly mapToRegistry   scope: null,
156 silly mapToRegistry   escapedName: 'libpq',
156 silly mapToRegistry   name: 'libpq',
156 silly mapToRegistry   rawSpec: '',
156 silly mapToRegistry   spec: 'latest',
156 silly mapToRegistry   type: 'tag' }
157 silly mapToRegistry uri https://registry.npmjs.org/libpq
158 verbose addNameRange registry:https://registry.npmjs.org/libpq not in flight; fetching
159 verbose get https://registry.npmjs.org/libpq not expired, no request
160 silly addNameRange number 2 { name: 'libpq', range: '>=1.7.0 <2.0.0', hasData: true }
161 silly addNameRange versions [ 'libpq',
161 silly addNameRange   [ '0.2.0',
161 silly addNameRange     '0.2.1',
161 silly addNameRange     '0.2.2',
161 silly addNameRange     '0.2.3',
161 silly addNameRange     '0.2.4',
161 silly addNameRange     '0.2.5',
161 silly addNameRange     '0.3.0',
161 silly addNameRange     '0.4.0',
161 silly addNameRange     '0.4.1',
161 silly addNameRange     '0.5.0',
161 silly addNameRange     '0.5.1',
161 silly addNameRange     '0.5.2',
161 silly addNameRange     '0.5.3',
161 silly addNameRange     '1.0.0',
161 silly addNameRange     '1.0.1',
161 silly addNameRange     '1.1.0',
161 silly addNameRange     '1.2.0',
161 silly addNameRange     '1.2.1',
161 silly addNameRange     '1.3.0',
161 silly addNameRange     '1.3.1',
161 silly addNameRange     '1.4.0',
161 silly addNameRange     '1.4.1',
161 silly addNameRange     '1.4.2',
161 silly addNameRange     '1.5.1',
161 silly addNameRange     '1.6.0',
161 silly addNameRange     '1.6.1',
161 silly addNameRange     '1.6.2',
161 silly addNameRange     '1.6.3',
161 silly addNameRange     '1.6.4',
161 silly addNameRange     '1.7.0',
161 silly addNameRange     '1.8.0',
161 silly addNameRange     '1.8.1',
161 silly addNameRange     '1.8.2',
161 silly addNameRange     '1.8.3',
161 silly addNameRange     '1.8.4',
161 silly addNameRange     '1.8.5' ] ]
162 silly addNamed libpq@1.8.5
163 verbose addNamed "1.8.5" is a plain semver version for libpq
164 silly mapToRegistry name libpq
165 silly mapToRegistry using default registry
166 silly mapToRegistry registry https://registry.npmjs.org/
167 silly mapToRegistry data Result {
167 silly mapToRegistry   raw: 'libpq',
167 silly mapToRegistry   scope: null,
167 silly mapToRegistry   escapedName: 'libpq',
167 silly mapToRegistry   name: 'libpq',
167 silly mapToRegistry   rawSpec: '',
167 silly mapToRegistry   spec: 'latest',
167 silly mapToRegistry   type: 'tag' }
168 silly mapToRegistry uri https://registry.npmjs.org/libpq
169 verbose addRemoteTarball https://registry.npmjs.org/libpq/-/libpq-1.8.5.tgz not in flight; adding
170 verbose addRemoteTarball [ 'https://registry.npmjs.org/libpq/-/libpq-1.8.5.tgz',
170 verbose addRemoteTarball   '9ef5bb509e1658908c19474088031db3dc7d4e48' ]
171 info retry fetch attempt 1 at 5:22:43 PM
172 info attempt registry request try #1 at 5:22:43 PM
173 http fetch GET https://registry.npmjs.org/libpq/-/libpq-1.8.5.tgz
174 http fetch 200 https://registry.npmjs.org/libpq/-/libpq-1.8.5.tgz
175 silly fetchAndShaCheck shasum 9ef5bb509e1658908c19474088031db3dc7d4e48
176 verbose addTmpTarball /var/folders/cz/6dzczll14x3fmvvsfyffsq1r0000gn/T/npm-11847-7cfaac18/registry.npmjs.org/libpq/-/libpq-1.8.5.tgz not in flight; adding
177 verbose addTmpTarball already have metadata; skipping unpack for libpq@1.8.5
178 verbose correctMkdir /Users/JulianLima/.npm correctMkdir not in flight; initializing
179 silly cache afterAdd libpq@1.8.5
180 verbose afterAdd /Users/JulianLima/.npm/libpq/1.8.5/package/package.json not in flight; writing
181 verbose correctMkdir /Users/JulianLima/.npm correctMkdir not in flight; initializing
182 verbose afterAdd /Users/JulianLima/.npm/libpq/1.8.5/package/package.json written
183 http 304 https://registry.npmjs.org/pg-types
184 verbose headers { date: 'Sat, 24 Dec 2016 20:22:43 GMT',
184 verbose headers   via: '1.1 varnish',
184 verbose headers   'cache-control': 'max-age=300',
184 verbose headers   etag: 'W/"571a65ca-4149"',
184 verbose headers   age: '0',
184 verbose headers   connection: 'keep-alive',
184 verbose headers   'x-served-by': 'cache-gru7121-GRU',
184 verbose headers   'x-cache': 'HIT',
184 verbose headers   'x-cache-hits': '1',
184 verbose headers   'x-timer': 'S1482610963.080937,VS0,VE764',
184 verbose headers   vary: 'Accept-Encoding' }
185 silly get cb [ 304,
185 silly get   { date: 'Sat, 24 Dec 2016 20:22:43 GMT',
185 silly get     via: '1.1 varnish',
185 silly get     'cache-control': 'max-age=300',
185 silly get     etag: 'W/"571a65ca-4149"',
185 silly get     age: '0',
185 silly get     connection: 'keep-alive',
185 silly get     'x-served-by': 'cache-gru7121-GRU',
185 silly get     'x-cache': 'HIT',
185 silly get     'x-cache-hits': '1',
185 silly get     'x-timer': 'S1482610963.080937,VS0,VE764',
185 silly get     vary: 'Accept-Encoding' } ]
186 verbose etag https://registry.npmjs.org/pg-types from cache
187 verbose get saving pg-types to /Users/JulianLima/.npm/registry.npmjs.org/pg-types/.cache.json
188 verbose correctMkdir /Users/JulianLima/.npm correctMkdir not in flight; initializing
189 silly resolveWithNewModule pg-types@1.6.0 checking installable status
190 silly cache add args [ 'pg-types@1.6.0', null ]
191 verbose cache add spec pg-types@1.6.0
192 silly cache add parsed spec Result {
192 silly cache add   raw: 'pg-types@1.6.0',
192 silly cache add   scope: null,
192 silly cache add   escapedName: 'pg-types',
192 silly cache add   name: 'pg-types',
192 silly cache add   rawSpec: '1.6.0',
192 silly cache add   spec: '1.6.0',
192 silly cache add   type: 'version' }
193 silly addNamed pg-types@1.6.0
194 verbose addNamed "1.6.0" is a plain semver version for pg-types
195 silly mapToRegistry name pg-types
196 silly mapToRegistry using default registry
197 silly mapToRegistry registry https://registry.npmjs.org/
198 silly mapToRegistry data Result {
198 silly mapToRegistry   raw: 'pg-types',
198 silly mapToRegistry   scope: null,
198 silly mapToRegistry   escapedName: 'pg-types',
198 silly mapToRegistry   name: 'pg-types',
198 silly mapToRegistry   rawSpec: '',
198 silly mapToRegistry   spec: 'latest',
198 silly mapToRegistry   type: 'tag' }
199 silly mapToRegistry uri https://registry.npmjs.org/pg-types
200 verbose addNameVersion registry:https://registry.npmjs.org/pg-types not in flight; fetching
201 verbose get https://registry.npmjs.org/pg-types not expired, no request
202 silly mapToRegistry name pg-types
203 silly mapToRegistry using default registry
204 silly mapToRegistry registry https://registry.npmjs.org/
205 silly mapToRegistry data Result {
205 silly mapToRegistry   raw: 'pg-types',
205 silly mapToRegistry   scope: null,
205 silly mapToRegistry   escapedName: 'pg-types',
205 silly mapToRegistry   name: 'pg-types',
205 silly mapToRegistry   rawSpec: '',
205 silly mapToRegistry   spec: 'latest',
205 silly mapToRegistry   type: 'tag' }
206 silly mapToRegistry uri https://registry.npmjs.org/pg-types
207 verbose addRemoteTarball https://registry.npmjs.org/pg-types/-/pg-types-1.6.0.tgz not in flight; adding
208 verbose addRemoteTarball [ 'https://registry.npmjs.org/pg-types/-/pg-types-1.6.0.tgz',
208 verbose addRemoteTarball   '3872a0f199143025497f4ee2a65fdaf00d7ea8b3' ]
209 info retry fetch attempt 1 at 5:22:43 PM
210 info attempt registry request try #1 at 5:22:43 PM
211 http fetch GET https://registry.npmjs.org/pg-types/-/pg-types-1.6.0.tgz
212 http fetch 200 https://registry.npmjs.org/pg-types/-/pg-types-1.6.0.tgz
213 silly fetchAndShaCheck shasum 3872a0f199143025497f4ee2a65fdaf00d7ea8b3
214 verbose addTmpTarball /var/folders/cz/6dzczll14x3fmvvsfyffsq1r0000gn/T/npm-11847-7cfaac18/registry.npmjs.org/pg-types/-/pg-types-1.6.0.tgz not in flight; adding
215 verbose addTmpTarball already have metadata; skipping unpack for pg-types@1.6.0
216 verbose correctMkdir /Users/JulianLima/.npm correctMkdir not in flight; initializing
217 silly cache afterAdd pg-types@1.6.0
218 verbose afterAdd /Users/JulianLima/.npm/pg-types/1.6.0/package/package.json not in flight; writing
219 verbose correctMkdir /Users/JulianLima/.npm correctMkdir not in flight; initializing
220 verbose afterAdd /Users/JulianLima/.npm/pg-types/1.6.0/package/package.json written
221 silly fetchNamedPackageData nan
222 silly mapToRegistry name nan
223 silly mapToRegistry using default registry
224 silly mapToRegistry registry https://registry.npmjs.org/
225 silly mapToRegistry data Result {
225 silly mapToRegistry   raw: 'nan',
225 silly mapToRegistry   scope: null,
225 silly mapToRegistry   escapedName: 'nan',
225 silly mapToRegistry   name: 'nan',
225 silly mapToRegistry   rawSpec: '',
225 silly mapToRegistry   spec: 'latest',
225 silly mapToRegistry   type: 'tag' }
226 silly mapToRegistry uri https://registry.npmjs.org/nan
227 silly fetchNamedPackageData bindings
228 silly mapToRegistry name bindings
229 silly mapToRegistry using default registry
230 silly mapToRegistry registry https://registry.npmjs.org/
231 silly mapToRegistry data Result {
231 silly mapToRegistry   raw: 'bindings',
231 silly mapToRegistry   scope: null,
231 silly mapToRegistry   escapedName: 'bindings',
231 silly mapToRegistry   name: 'bindings',
231 silly mapToRegistry   rawSpec: '',
231 silly mapToRegistry   spec: 'latest',
231 silly mapToRegistry   type: 'tag' }
232 silly mapToRegistry uri https://registry.npmjs.org/bindings
233 verbose request uri https://registry.npmjs.org/nan
234 verbose request no auth needed
235 info attempt registry request try #1 at 5:22:43 PM
236 http request GET https://registry.npmjs.org/nan
237 verbose request uri https://registry.npmjs.org/bindings
238 verbose request no auth needed
239 info attempt registry request try #1 at 5:22:43 PM
240 http request GET https://registry.npmjs.org/bindings
241 http 200 https://registry.npmjs.org/bindings
242 verbose headers { server: 'nginx/1.10.1',
242 verbose headers   'content-type': 'application/json',
242 verbose headers   'last-modified': 'Tue, 18 Oct 2016 15:54:59 GMT',
242 verbose headers   etag: 'W/"580645d3-46f7"',
242 verbose headers   'content-encoding': 'gzip',
242 verbose headers   'cache-control': 'max-age=300',
242 verbose headers   'content-length': '3493',
242 verbose headers   'accept-ranges': 'bytes',
242 verbose headers   date: 'Sat, 24 Dec 2016 20:22:43 GMT',
242 verbose headers   via: '1.1 varnish',
242 verbose headers   age: '235',
242 verbose headers   connection: 'keep-alive',
242 verbose headers   'x-served-by': 'cache-gru7121-GRU',
242 verbose headers   'x-cache': 'HIT',
242 verbose headers   'x-cache-hits': '46',
242 verbose headers   'x-timer': 'S1482610963.982523,VS0,VE0',
242 verbose headers   vary: 'Accept-Encoding' }
243 silly get cb [ 200,
243 silly get   { server: 'nginx/1.10.1',
243 silly get     'content-type': 'application/json',
243 silly get     'last-modified': 'Tue, 18 Oct 2016 15:54:59 GMT',
243 silly get     etag: 'W/"580645d3-46f7"',
243 silly get     'content-encoding': 'gzip',
243 silly get     'cache-control': 'max-age=300',
243 silly get     'content-length': '3493',
243 silly get     'accept-ranges': 'bytes',
243 silly get     date: 'Sat, 24 Dec 2016 20:22:43 GMT',
243 silly get     via: '1.1 varnish',
243 silly get     age: '235',
243 silly get     connection: 'keep-alive',
243 silly get     'x-served-by': 'cache-gru7121-GRU',
243 silly get     'x-cache': 'HIT',
243 silly get     'x-cache-hits': '46',
243 silly get     'x-timer': 'S1482610963.982523,VS0,VE0',
243 silly get     vary: 'Accept-Encoding' } ]
244 verbose get saving bindings to /Users/JulianLima/.npm/registry.npmjs.org/bindings/.cache.json
245 verbose correctMkdir /Users/JulianLima/.npm correctMkdir not in flight; initializing
246 http 200 https://registry.npmjs.org/nan
247 verbose headers { server: 'nginx/1.10.1',
247 verbose headers   'content-type': 'application/json',
247 verbose headers   'last-modified': 'Wed, 21 Dec 2016 18:49:51 GMT',
247 verbose headers   etag: 'W/"585acecf-1d7db"',
247 verbose headers   'content-encoding': 'gzip',
247 verbose headers   'cache-control': 'max-age=300',
247 verbose headers   'content-length': '14296',
247 verbose headers   'accept-ranges': 'bytes',
247 verbose headers   date: 'Sat, 24 Dec 2016 20:22:43 GMT',
247 verbose headers   via: '1.1 varnish',
247 verbose headers   age: '259',
247 verbose headers   connection: 'keep-alive',
247 verbose headers   'x-served-by': 'cache-gru7121-GRU',
247 verbose headers   'x-cache': 'HIT',
247 verbose headers   'x-cache-hits': '5',
247 verbose headers   'x-timer': 'S1482610963.981853,VS0,VE0',
247 verbose headers   vary: 'Accept-Encoding' }
248 silly get cb [ 200,
248 silly get   { server: 'nginx/1.10.1',
248 silly get     'content-type': 'application/json',
248 silly get     'last-modified': 'Wed, 21 Dec 2016 18:49:51 GMT',
248 silly get     etag: 'W/"585acecf-1d7db"',
248 silly get     'content-encoding': 'gzip',
248 silly get     'cache-control': 'max-age=300',
248 silly get     'content-length': '14296',
248 silly get     'accept-ranges': 'bytes',
248 silly get     date: 'Sat, 24 Dec 2016 20:22:43 GMT',
248 silly get     via: '1.1 varnish',
248 silly get     age: '259',
248 silly get     connection: 'keep-alive',
248 silly get     'x-served-by': 'cache-gru7121-GRU',
248 silly get     'x-cache': 'HIT',
248 silly get     'x-cache-hits': '5',
248 silly get     'x-timer': 'S1482610963.981853,VS0,VE0',
248 silly get     vary: 'Accept-Encoding' } ]
249 verbose get saving nan to /Users/JulianLima/.npm/registry.npmjs.org/nan/.cache.json
250 verbose correctMkdir /Users/JulianLima/.npm correctMkdir not in flight; initializing
251 silly resolveWithNewModule bindings@1.2.1 checking installable status
252 silly cache add args [ 'bindings@1.2.1', null ]
253 verbose cache add spec bindings@1.2.1
254 silly cache add parsed spec Result {
254 silly cache add   raw: 'bindings@1.2.1',
254 silly cache add   scope: null,
254 silly cache add   escapedName: 'bindings',
254 silly cache add   name: 'bindings',
254 silly cache add   rawSpec: '1.2.1',
254 silly cache add   spec: '1.2.1',
254 silly cache add   type: 'version' }
255 silly addNamed bindings@1.2.1
256 verbose addNamed "1.2.1" is a plain semver version for bindings
257 silly mapToRegistry name bindings
258 silly mapToRegistry using default registry
259 silly mapToRegistry registry https://registry.npmjs.org/
260 silly mapToRegistry data Result {
260 silly mapToRegistry   raw: 'bindings',
260 silly mapToRegistry   scope: null,
260 silly mapToRegistry   escapedName: 'bindings',
260 silly mapToRegistry   name: 'bindings',
260 silly mapToRegistry   rawSpec: '',
260 silly mapToRegistry   spec: 'latest',
260 silly mapToRegistry   type: 'tag' }
261 silly mapToRegistry uri https://registry.npmjs.org/bindings
262 verbose addNameVersion registry:https://registry.npmjs.org/bindings not in flight; fetching
263 verbose get https://registry.npmjs.org/bindings not expired, no request
264 silly mapToRegistry name bindings
265 silly mapToRegistry using default registry
266 silly mapToRegistry registry https://registry.npmjs.org/
267 silly mapToRegistry data Result {
267 silly mapToRegistry   raw: 'bindings',
267 silly mapToRegistry   scope: null,
267 silly mapToRegistry   escapedName: 'bindings',
267 silly mapToRegistry   name: 'bindings',
267 silly mapToRegistry   rawSpec: '',
267 silly mapToRegistry   spec: 'latest',
267 silly mapToRegistry   type: 'tag' }
268 silly mapToRegistry uri https://registry.npmjs.org/bindings
269 verbose addRemoteTarball https://registry.npmjs.org/bindings/-/bindings-1.2.1.tgz not in flight; adding
270 verbose addRemoteTarball [ 'https://registry.npmjs.org/bindings/-/bindings-1.2.1.tgz',
270 verbose addRemoteTarball   '14ad6113812d2d37d72e67b4cacb4bb726505f11' ]
271 info retry fetch attempt 1 at 5:22:44 PM
272 info attempt registry request try #1 at 5:22:44 PM
273 http fetch GET https://registry.npmjs.org/bindings/-/bindings-1.2.1.tgz
274 silly resolveWithNewModule nan@2.5.0 checking installable status
275 silly cache add args [ 'nan@^2.3.0', null ]
276 verbose cache add spec nan@^2.3.0
277 silly cache add parsed spec Result {
277 silly cache add   raw: 'nan@^2.3.0',
277 silly cache add   scope: null,
277 silly cache add   escapedName: 'nan',
277 silly cache add   name: 'nan',
277 silly cache add   rawSpec: '^2.3.0',
277 silly cache add   spec: '>=2.3.0 <3.0.0',
277 silly cache add   type: 'range' }
278 silly addNamed nan@>=2.3.0 <3.0.0
279 verbose addNamed ">=2.3.0 <3.0.0" is a valid semver range for nan
280 silly addNameRange { name: 'nan', range: '>=2.3.0 <3.0.0', hasData: false }
281 silly mapToRegistry name nan
282 silly mapToRegistry using default registry
283 silly mapToRegistry registry https://registry.npmjs.org/
284 silly mapToRegistry data Result {
284 silly mapToRegistry   raw: 'nan',
284 silly mapToRegistry   scope: null,
284 silly mapToRegistry   escapedName: 'nan',
284 silly mapToRegistry   name: 'nan',
284 silly mapToRegistry   rawSpec: '',
284 silly mapToRegistry   spec: 'latest',
284 silly mapToRegistry   type: 'tag' }
285 silly mapToRegistry uri https://registry.npmjs.org/nan
286 verbose addNameRange registry:https://registry.npmjs.org/nan not in flight; fetching
287 verbose get https://registry.npmjs.org/nan not expired, no request
288 silly addNameRange number 2 { name: 'nan', range: '>=2.3.0 <3.0.0', hasData: true }
289 silly addNameRange versions [ 'nan',
289 silly addNameRange   [ '0.3.0-wip',
289 silly addNameRange     '0.3.0-wip2',
289 silly addNameRange     '0.3.0',
289 silly addNameRange     '0.3.1',
289 silly addNameRange     '0.3.2',
289 silly addNameRange     '0.4.0',
289 silly addNameRange     '0.4.1',
289 silly addNameRange     '0.4.2',
289 silly addNameRange     '0.4.3',
289 silly addNameRange     '0.4.4',
289 silly addNameRange     '0.5.0',
289 silly addNameRange     '0.5.1',
289 silly addNameRange     '0.5.2',
289 silly addNameRange     '0.6.0',
289 silly addNameRange     '0.7.0',
289 silly addNameRange     '0.7.1',
289 silly addNameRange     '0.8.0',
289 silly addNameRange     '1.0.0',
289 silly addNameRange     '1.1.0',
289 silly addNameRange     '1.1.1',
289 silly addNameRange     '1.1.2',
289 silly addNameRange     '1.2.0',
289 silly addNameRange     '1.3.0',
289 silly addNameRange     '1.4.0',
289 silly addNameRange     '1.4.1',
289 silly addNameRange     '1.5.0',
289 silly addNameRange     '1.4.2',
289 silly addNameRange     '1.4.3',
289 silly addNameRange     '1.5.1',
289 silly addNameRange     '1.5.2',
289 silly addNameRange     '1.6.0',
289 silly addNameRange     '1.5.3',
289 silly addNameRange     '1.6.1',
289 silly addNameRange     '1.6.2',
289 silly addNameRange     '1.7.0',
289 silly addNameRange     '1.8.0',
289 silly addNameRange     '1.8.1',
289 silly addNameRange     '1.8.2',
289 silly addNameRange     '1.8.3',
289 silly addNameRange     '1.8.4',
289 silly addNameRange     '1.9.0',
289 silly addNameRange     '2.0.0',
289 silly addNameRange     '2.0.1',
289 silly addNameRange     '2.0.2',
289 silly addNameRange     '2.0.3',
289 silly addNameRange     '2.0.4',
289 silly addNameRange     '2.0.5',
289 silly addNameRange     '2.0.6',
289 silly addNameRange     '2.0.7',
289 silly addNameRange     '2.0.8',
289 silly addNameRange     '2.0.9',
289 silly addNameRange     '2.1.0',
289 silly addNameRange     '2.2.0',
289 silly addNameRange     '2.2.1',
289 silly addNameRange     '2.3.0',
289 silly addNameRange     '2.3.1',
289 silly addNameRange     '2.3.2',
289 silly addNameRange     '2.3.3',
289 silly addNameRange     '2.3.4',
289 silly addNameRange     '2.3.5',
289 silly addNameRange     '2.4.0',
289 silly addNameRange     '2.5.0' ] ]
290 silly addNamed nan@2.5.0
291 verbose addNamed "2.5.0" is a plain semver version for nan
292 silly mapToRegistry name nan
293 silly mapToRegistry using default registry
294 silly mapToRegistry registry https://registry.npmjs.org/
295 silly mapToRegistry data Result {
295 silly mapToRegistry   raw: 'nan',
295 silly mapToRegistry   scope: null,
295 silly mapToRegistry   escapedName: 'nan',
295 silly mapToRegistry   name: 'nan',
295 silly mapToRegistry   rawSpec: '',
295 silly mapToRegistry   spec: 'latest',
295 silly mapToRegistry   type: 'tag' }
296 silly mapToRegistry uri https://registry.npmjs.org/nan
297 verbose addRemoteTarball https://registry.npmjs.org/nan/-/nan-2.5.0.tgz not in flight; adding
298 verbose addRemoteTarball [ 'https://registry.npmjs.org/nan/-/nan-2.5.0.tgz',
298 verbose addRemoteTarball   'aa8f1e34531d807e9e27755b234b4a6ec0c152a8' ]
299 info retry fetch attempt 1 at 5:22:44 PM
300 info attempt registry request try #1 at 5:22:44 PM
301 http fetch GET https://registry.npmjs.org/nan/-/nan-2.5.0.tgz
302 http fetch 200 https://registry.npmjs.org/bindings/-/bindings-1.2.1.tgz
303 silly fetchAndShaCheck shasum 14ad6113812d2d37d72e67b4cacb4bb726505f11
304 verbose addTmpTarball /var/folders/cz/6dzczll14x3fmvvsfyffsq1r0000gn/T/npm-11847-7cfaac18/registry.npmjs.org/bindings/-/bindings-1.2.1.tgz not in flight; adding
305 verbose addTmpTarball already have metadata; skipping unpack for bindings@1.2.1
306 verbose correctMkdir /Users/JulianLima/.npm correctMkdir not in flight; initializing
307 silly cache afterAdd bindings@1.2.1
308 verbose afterAdd /Users/JulianLima/.npm/bindings/1.2.1/package/package.json not in flight; writing
309 verbose correctMkdir /Users/JulianLima/.npm correctMkdir not in flight; initializing
310 verbose afterAdd /Users/JulianLima/.npm/bindings/1.2.1/package/package.json written
311 http fetch 200 https://registry.npmjs.org/nan/-/nan-2.5.0.tgz
312 silly fetchAndShaCheck shasum aa8f1e34531d807e9e27755b234b4a6ec0c152a8
313 verbose addTmpTarball /var/folders/cz/6dzczll14x3fmvvsfyffsq1r0000gn/T/npm-11847-7cfaac18/registry.npmjs.org/nan/-/nan-2.5.0.tgz not in flight; adding
314 verbose addTmpTarball already have metadata; skipping unpack for nan@2.5.0
315 verbose correctMkdir /Users/JulianLima/.npm correctMkdir not in flight; initializing
316 silly cache afterAdd nan@2.5.0
317 verbose afterAdd /Users/JulianLima/.npm/nan/2.5.0/package/package.json not in flight; writing
318 verbose correctMkdir /Users/JulianLima/.npm correctMkdir not in flight; initializing
319 verbose afterAdd /Users/JulianLima/.npm/nan/2.5.0/package/package.json written
320 silly fetchNamedPackageData core-util-is
321 silly mapToRegistry name core-util-is
322 silly mapToRegistry using default registry
323 silly mapToRegistry registry https://registry.npmjs.org/
324 silly mapToRegistry data Result {
324 silly mapToRegistry   raw: 'core-util-is',
324 silly mapToRegistry   scope: null,
324 silly mapToRegistry   escapedName: 'core-util-is',
324 silly mapToRegistry   name: 'core-util-is',
324 silly mapToRegistry   rawSpec: '',
324 silly mapToRegistry   spec: 'latest',
324 silly mapToRegistry   type: 'tag' }
325 silly mapToRegistry uri https://registry.npmjs.org/core-util-is
326 silly fetchNamedPackageData isarray
327 silly mapToRegistry name isarray
328 silly mapToRegistry using default registry
329 silly mapToRegistry registry https://registry.npmjs.org/
330 silly mapToRegistry data Result {
330 silly mapToRegistry   raw: 'isarray',
330 silly mapToRegistry   scope: null,
330 silly mapToRegistry   escapedName: 'isarray',
330 silly mapToRegistry   name: 'isarray',
330 silly mapToRegistry   rawSpec: '',
330 silly mapToRegistry   spec: 'latest',
330 silly mapToRegistry   type: 'tag' }
331 silly mapToRegistry uri https://registry.npmjs.org/isarray
332 verbose request uri https://registry.npmjs.org/core-util-is
333 verbose request no auth needed
334 info attempt registry request try #1 at 5:22:44 PM
335 http request GET https://registry.npmjs.org/core-util-is
336 verbose request uri https://registry.npmjs.org/isarray
337 verbose request no auth needed
338 info attempt registry request try #1 at 5:22:44 PM
339 http request GET https://registry.npmjs.org/isarray
340 http 200 https://registry.npmjs.org/isarray
341 verbose headers { server: 'nginx/1.10.1',
341 verbose headers   'content-type': 'application/json',
341 verbose headers   'last-modified': 'Tue, 01 Nov 2016 17:37:47 GMT',
341 verbose headers   etag: 'W/"5818d2eb-226a"',
341 verbose headers   'content-encoding': 'gzip',
341 verbose headers   'cache-control': 'max-age=300',
341 verbose headers   'content-length': '2347',
341 verbose headers   'accept-ranges': 'bytes',
341 verbose headers   date: 'Sat, 24 Dec 2016 20:22:44 GMT',
341 verbose headers   via: '1.1 varnish',
341 verbose headers   age: '263',
341 verbose headers   connection: 'keep-alive',
341 verbose headers   'x-served-by': 'cache-gru7120-GRU',
341 verbose headers   'x-cache': 'HIT',
341 verbose headers   'x-cache-hits': '13',
341 verbose headers   'x-timer': 'S1482610964.217992,VS0,VE0',
341 verbose headers   vary: 'Accept-Encoding' }
342 silly get cb [ 200,
342 silly get   { server: 'nginx/1.10.1',
342 silly get     'content-type': 'application/json',
342 silly get     'last-modified': 'Tue, 01 Nov 2016 17:37:47 GMT',
342 silly get     etag: 'W/"5818d2eb-226a"',
342 silly get     'content-encoding': 'gzip',
342 silly get     'cache-control': 'max-age=300',
342 silly get     'content-length': '2347',
342 silly get     'accept-ranges': 'bytes',
342 silly get     date: 'Sat, 24 Dec 2016 20:22:44 GMT',
342 silly get     via: '1.1 varnish',
342 silly get     age: '263',
342 silly get     connection: 'keep-alive',
342 silly get     'x-served-by': 'cache-gru7120-GRU',
342 silly get     'x-cache': 'HIT',
342 silly get     'x-cache-hits': '13',
342 silly get     'x-timer': 'S1482610964.217992,VS0,VE0',
342 silly get     vary: 'Accept-Encoding' } ]
343 verbose get saving isarray to /Users/JulianLima/.npm/registry.npmjs.org/isarray/.cache.json
344 verbose correctMkdir /Users/JulianLima/.npm correctMkdir not in flight; initializing
345 http 200 https://registry.npmjs.org/core-util-is
346 verbose headers { server: 'nginx/1.10.1',
346 verbose headers   'content-type': 'application/json',
346 verbose headers   'last-modified': 'Fri, 20 Nov 2015 00:37:33 GMT',
346 verbose headers   etag: 'W/"564e6b4d-ea6"',
346 verbose headers   'content-encoding': 'gzip',
346 verbose headers   'cache-control': 'max-age=300',
346 verbose headers   'content-length': '942',
346 verbose headers   'accept-ranges': 'bytes',
346 verbose headers   date: 'Sat, 24 Dec 2016 20:22:44 GMT',
346 verbose headers   via: '1.1 varnish',
346 verbose headers   age: '153',
346 verbose headers   connection: 'keep-alive',
346 verbose headers   'x-served-by': 'cache-gru7121-GRU',
346 verbose headers   'x-cache': 'HIT',
346 verbose headers   'x-cache-hits': '28',
346 verbose headers   'x-timer': 'S1482610964.215172,VS0,VE0',
346 verbose headers   vary: 'Accept-Encoding' }
347 silly get cb [ 200,
347 silly get   { server: 'nginx/1.10.1',
347 silly get     'content-type': 'application/json',
347 silly get     'last-modified': 'Fri, 20 Nov 2015 00:37:33 GMT',
347 silly get     etag: 'W/"564e6b4d-ea6"',
347 silly get     'content-encoding': 'gzip',
347 silly get     'cache-control': 'max-age=300',
347 silly get     'content-length': '942',
347 silly get     'accept-ranges': 'bytes',
347 silly get     date: 'Sat, 24 Dec 2016 20:22:44 GMT',
347 silly get     via: '1.1 varnish',
347 silly get     age: '153',
347 silly get     connection: 'keep-alive',
347 silly get     'x-served-by': 'cache-gru7121-GRU',
347 silly get     'x-cache': 'HIT',
347 silly get     'x-cache-hits': '28',
347 silly get     'x-timer': 'S1482610964.215172,VS0,VE0',
347 silly get     vary: 'Accept-Encoding' } ]
348 verbose get saving core-util-is to /Users/JulianLima/.npm/registry.npmjs.org/core-util-is/.cache.json
349 verbose correctMkdir /Users/JulianLima/.npm correctMkdir not in flight; initializing
350 silly resolveWithNewModule core-util-is@1.0.2 checking installable status
351 silly cache add args [ 'core-util-is@~1.0.0', null ]
352 verbose cache add spec core-util-is@~1.0.0
353 silly cache add parsed spec Result {
353 silly cache add   raw: 'core-util-is@~1.0.0',
353 silly cache add   scope: null,
353 silly cache add   escapedName: 'core-util-is',
353 silly cache add   name: 'core-util-is',
353 silly cache add   rawSpec: '~1.0.0',
353 silly cache add   spec: '>=1.0.0 <1.1.0',
353 silly cache add   type: 'range' }
354 silly addNamed core-util-is@>=1.0.0 <1.1.0
355 verbose addNamed ">=1.0.0 <1.1.0" is a valid semver range for core-util-is
356 silly addNameRange { name: 'core-util-is', range: '>=1.0.0 <1.1.0', hasData: false }
357 silly mapToRegistry name core-util-is
358 silly mapToRegistry using default registry
359 silly mapToRegistry registry https://registry.npmjs.org/
360 silly mapToRegistry data Result {
360 silly mapToRegistry   raw: 'core-util-is',
360 silly mapToRegistry   scope: null,
360 silly mapToRegistry   escapedName: 'core-util-is',
360 silly mapToRegistry   name: 'core-util-is',
360 silly mapToRegistry   rawSpec: '',
360 silly mapToRegistry   spec: 'latest',
360 silly mapToRegistry   type: 'tag' }
361 silly mapToRegistry uri https://registry.npmjs.org/core-util-is
362 verbose addNameRange registry:https://registry.npmjs.org/core-util-is not in flight; fetching
363 silly resolveWithNewModule isarray@0.0.1 checking installable status
364 silly cache add args [ 'isarray@0.0.1', null ]
365 verbose cache add spec isarray@0.0.1
366 silly cache add parsed spec Result {
366 silly cache add   raw: 'isarray@0.0.1',
366 silly cache add   scope: null,
366 silly cache add   escapedName: 'isarray',
366 silly cache add   name: 'isarray',
366 silly cache add   rawSpec: '0.0.1',
366 silly cache add   spec: '0.0.1',
366 silly cache add   type: 'version' }
367 silly addNamed isarray@0.0.1
368 verbose addNamed "0.0.1" is a plain semver version for isarray
369 silly mapToRegistry name isarray
370 silly mapToRegistry using default registry
371 silly mapToRegistry registry https://registry.npmjs.org/
372 silly mapToRegistry data Result {
372 silly mapToRegistry   raw: 'isarray',
372 silly mapToRegistry   scope: null,
372 silly mapToRegistry   escapedName: 'isarray',
372 silly mapToRegistry   name: 'isarray',
372 silly mapToRegistry   rawSpec: '',
372 silly mapToRegistry   spec: 'latest',
372 silly mapToRegistry   type: 'tag' }
373 silly mapToRegistry uri https://registry.npmjs.org/isarray
374 verbose addNameVersion registry:https://registry.npmjs.org/isarray not in flight; fetching
375 verbose get https://registry.npmjs.org/core-util-is not expired, no request
376 silly addNameRange number 2 { name: 'core-util-is', range: '>=1.0.0 <1.1.0', hasData: true }
377 silly addNameRange versions [ 'core-util-is', [ '1.0.0', '1.0.1', '1.0.2' ] ]
378 silly addNamed core-util-is@1.0.2
379 verbose addNamed "1.0.2" is a plain semver version for core-util-is
380 verbose get https://registry.npmjs.org/isarray not expired, no request
381 silly mapToRegistry name core-util-is
382 silly mapToRegistry using default registry
383 silly mapToRegistry registry https://registry.npmjs.org/
384 silly mapToRegistry data Result {
384 silly mapToRegistry   raw: 'core-util-is',
384 silly mapToRegistry   scope: null,
384 silly mapToRegistry   escapedName: 'core-util-is',
384 silly mapToRegistry   name: 'core-util-is',
384 silly mapToRegistry   rawSpec: '',
384 silly mapToRegistry   spec: 'latest',
384 silly mapToRegistry   type: 'tag' }
385 silly mapToRegistry uri https://registry.npmjs.org/core-util-is
386 verbose addRemoteTarball https://registry.npmjs.org/core-util-is/-/core-util-is-1.0.2.tgz not in flight; adding
387 verbose addRemoteTarball [ 'https://registry.npmjs.org/core-util-is/-/core-util-is-1.0.2.tgz',
387 verbose addRemoteTarball   'b5fd54220aa2bc5ab57aab7140c940754503c1a7' ]
388 silly mapToRegistry name isarray
389 silly mapToRegistry using default registry
390 silly mapToRegistry registry https://registry.npmjs.org/
391 silly mapToRegistry data Result {
391 silly mapToRegistry   raw: 'isarray',
391 silly mapToRegistry   scope: null,
391 silly mapToRegistry   escapedName: 'isarray',
391 silly mapToRegistry   name: 'isarray',
391 silly mapToRegistry   rawSpec: '',
391 silly mapToRegistry   spec: 'latest',
391 silly mapToRegistry   type: 'tag' }
392 silly mapToRegistry uri https://registry.npmjs.org/isarray
393 verbose addRemoteTarball https://registry.npmjs.org/isarray/-/isarray-0.0.1.tgz not in flight; adding
394 verbose addRemoteTarball [ 'https://registry.npmjs.org/isarray/-/isarray-0.0.1.tgz',
394 verbose addRemoteTarball   '8a18acfca9a8f4177e09abfc6038939b05d1eedf' ]
395 info retry fetch attempt 1 at 5:22:44 PM
396 info attempt registry request try #1 at 5:22:44 PM
397 http fetch GET https://registry.npmjs.org/core-util-is/-/core-util-is-1.0.2.tgz
398 info retry fetch attempt 1 at 5:22:44 PM
399 info attempt registry request try #1 at 5:22:44 PM
400 http fetch GET https://registry.npmjs.org/isarray/-/isarray-0.0.1.tgz
401 http fetch 200 https://registry.npmjs.org/core-util-is/-/core-util-is-1.0.2.tgz
402 silly fetchAndShaCheck shasum b5fd54220aa2bc5ab57aab7140c940754503c1a7
403 verbose addTmpTarball /var/folders/cz/6dzczll14x3fmvvsfyffsq1r0000gn/T/npm-11847-7cfaac18/registry.npmjs.org/core-util-is/-/core-util-is-1.0.2.tgz not in flight; adding
404 verbose addTmpTarball already have metadata; skipping unpack for core-util-is@1.0.2
405 verbose correctMkdir /Users/JulianLima/.npm correctMkdir not in flight; initializing
406 http fetch 200 https://registry.npmjs.org/isarray/-/isarray-0.0.1.tgz
407 silly fetchAndShaCheck shasum 8a18acfca9a8f4177e09abfc6038939b05d1eedf
408 verbose addTmpTarball /var/folders/cz/6dzczll14x3fmvvsfyffsq1r0000gn/T/npm-11847-7cfaac18/registry.npmjs.org/isarray/-/isarray-0.0.1.tgz not in flight; adding
409 verbose addTmpTarball already have metadata; skipping unpack for isarray@0.0.1
410 verbose correctMkdir /Users/JulianLima/.npm correctMkdir not in flight; initializing
411 silly cache afterAdd core-util-is@1.0.2
412 verbose afterAdd /Users/JulianLima/.npm/core-util-is/1.0.2/package/package.json not in flight; writing
413 verbose correctMkdir /Users/JulianLima/.npm correctMkdir not in flight; initializing
414 verbose afterAdd /Users/JulianLima/.npm/core-util-is/1.0.2/package/package.json written
415 silly cache afterAdd isarray@0.0.1
416 verbose afterAdd /Users/JulianLima/.npm/isarray/0.0.1/package/package.json not in flight; writing
417 verbose correctMkdir /Users/JulianLima/.npm correctMkdir not in flight; initializing
418 verbose afterAdd /Users/JulianLima/.npm/isarray/0.0.1/package/package.json written
419 silly loadAllDepsIntoIdealTree Finishing
420 silly loadIdealTree Finishing
421 silly currentTree servicio-incidente@1.0.0
421 silly currentTree  accepts@1.3.3
421 silly currentTree  ap@0.2.0
421 silly currentTree  array-flatten@1.1.1
421 silly currentTree  body-parser@1.0.2
421 silly currentTree   mime@1.2.11
421 silly currentTree   qs@0.6.6
421 silly currentTree   type-is@1.1.0
421 silly currentTree  buffer-writer@1.0.1
421 silly currentTree  bytes@1.0.0
421 silly currentTree  content-disposition@0.5.1
421 silly currentTree  content-type@1.0.2
421 silly currentTree  cookie-signature@1.0.6
421 silly currentTree  cookie@0.3.1
421 silly currentTree  debug@2.2.0
421 silly currentTree  depd@1.1.0
421 silly currentTree  destroy@1.0.4
421 silly currentTree  ee-first@1.1.1
421 silly currentTree  encodeurl@1.0.1
421 silly currentTree  escape-html@1.0.3
421 silly currentTree  etag@1.7.0
421 silly currentTree  express@4.14.0
421 silly currentTree  finalhandler@0.5.0
421 silly currentTree  forwarded@0.1.0
421 silly currentTree  fresh@0.3.0
421 silly currentTree  generic-pool@2.4.2
421 silly currentTree  http-errors@1.5.1
421 silly currentTree  inherits@2.0.3
421 silly currentTree  ip@1.1.4
421 silly currentTree  ipaddr.js@1.1.1
421 silly currentTree  media-typer@0.3.0
421 silly currentTree  merge-descriptors@1.0.1
421 silly currentTree  method-override@2.3.7
421 silly currentTree   debug@2.3.3
421 silly currentTree   ms@0.7.2
421 silly currentTree  methods@1.1.2
421 silly currentTree  mime-db@1.25.0
421 silly currentTree  mime-types@2.1.13
421 silly currentTree  mime@1.3.4
421 silly currentTree  ms@0.7.1
421 silly currentTree  negotiator@0.6.1
421 silly currentTree  object-assign@4.1.0
421 silly currentTree  on-finished@2.3.0
421 silly currentTree  packet-reader@0.2.0
421 silly currentTree  parseurl@1.3.1
421 silly currentTree  path-to-regexp@0.1.7
421 silly currentTree  pg-connection-string@0.1.3
421 silly currentTree  pg-pool@1.6.0
421 silly currentTree  pg-types@1.11.0
421 silly currentTree  pg@6.1.2
421 silly currentTree  pgpass@1.0.1
421 silly currentTree  postgres-array@1.0.2
421 silly currentTree  postgres-bytea@1.0.0
421 silly currentTree  postgres-date@1.0.3
421 silly currentTree  postgres-interval@1.0.2
421 silly currentTree  properties@1.2.1
421 silly currentTree  proxy-addr@1.1.2
421 silly currentTree  qs@6.2.0
421 silly currentTree  range-parser@1.2.0
421 silly currentTree  raw-body@1.1.7
421 silly currentTree  semver@4.3.2
421 silly currentTree  send@0.14.1
421 silly currentTree  serve-static@1.11.1
421 silly currentTree  setprototypeof@1.0.2
421 silly currentTree  split@1.0.0
421 silly currentTree  statuses@1.3.1
421 silly currentTree  string_decoder@0.10.31
421 silly currentTree  through@2.3.8
421 silly currentTree  type-is@1.6.14
421 silly currentTree  unpipe@1.0.0
421 silly currentTree  utils-merge@1.0.0
421 silly currentTree  vary@1.1.0
421 silly currentTree  xtend@4.0.1
422 silly idealTree servicio-incidente@1.0.0
422 silly idealTree  accepts@1.3.3
422 silly idealTree  ap@0.2.0
422 silly idealTree  array-flatten@1.1.1
422 silly idealTree  bindings@1.2.1
422 silly idealTree  body-parser@1.0.2
422 silly idealTree   mime@1.2.11
422 silly idealTree   qs@0.6.6
422 silly idealTree   type-is@1.1.0
422 silly idealTree  buffer-writer@1.0.1
422 silly idealTree  bytes@1.0.0
422 silly idealTree  content-disposition@0.5.1
422 silly idealTree  content-type@1.0.2
422 silly idealTree  cookie-signature@1.0.6
422 silly idealTree  cookie@0.3.1
422 silly idealTree  core-util-is@1.0.2
422 silly idealTree  debug@2.2.0
422 silly idealTree  depd@1.1.0
422 silly idealTree  destroy@1.0.4
422 silly idealTree  ee-first@1.1.1
422 silly idealTree  encodeurl@1.0.1
422 silly idealTree  escape-html@1.0.3
422 silly idealTree  etag@1.7.0
422 silly idealTree  express@4.14.0
422 silly idealTree  finalhandler@0.5.0
422 silly idealTree  forwarded@0.1.0
422 silly idealTree  fresh@0.3.0
422 silly idealTree  generic-pool@2.4.2
422 silly idealTree  http-errors@1.5.1
422 silly idealTree  inherits@2.0.3
422 silly idealTree  ip@1.1.4
422 silly idealTree  ipaddr.js@1.1.1
422 silly idealTree  isarray@0.0.1
422 silly idealTree  libpq@1.8.5
422 silly idealTree  media-typer@0.3.0
422 silly idealTree  merge-descriptors@1.0.1
422 silly idealTree  method-override@2.3.7
422 silly idealTree   debug@2.3.3
422 silly idealTree   ms@0.7.2
422 silly idealTree  methods@1.1.2
422 silly idealTree  mime-db@1.25.0
422 silly idealTree  mime-types@2.1.13
422 silly idealTree  mime@1.3.4
422 silly idealTree  ms@0.7.1
422 silly idealTree  nan@2.5.0
422 silly idealTree  negotiator@0.6.1
422 silly idealTree  object-assign@4.1.0
422 silly idealTree  on-finished@2.3.0
422 silly idealTree  packet-reader@0.2.0
422 silly idealTree  parseurl@1.3.1
422 silly idealTree  path-to-regexp@0.1.7
422 silly idealTree  pg-connection-string@0.1.3
422 silly idealTree  pg-native@1.10.0
422 silly idealTree   pg-types@1.6.0
422 silly idealTree  pg-pool@1.6.0
422 silly idealTree  pg-types@1.11.0
422 silly idealTree  pg@6.1.2
422 silly idealTree  pgpass@1.0.1
422 silly idealTree  postgres-array@1.0.2
422 silly idealTree  postgres-bytea@1.0.0
422 silly idealTree  postgres-date@1.0.3
422 silly idealTree  postgres-interval@1.0.2
422 silly idealTree  properties@1.2.1
422 silly idealTree  proxy-addr@1.1.2
422 silly idealTree  qs@6.2.0
422 silly idealTree  range-parser@1.2.0
422 silly idealTree  raw-body@1.1.7
422 silly idealTree  readable-stream@1.0.31
422 silly idealTree  semver@4.3.2
422 silly idealTree  send@0.14.1
422 silly idealTree  serve-static@1.11.1
422 silly idealTree  setprototypeof@1.0.2
422 silly idealTree  split@1.0.0
422 silly idealTree  statuses@1.3.1
422 silly idealTree  string_decoder@0.10.31
422 silly idealTree  through@2.3.8
422 silly idealTree  type-is@1.6.14
422 silly idealTree  unpipe@1.0.0
422 silly idealTree  utils-merge@1.0.0
422 silly idealTree  vary@1.1.0
422 silly idealTree  xtend@4.0.1
423 silly generateActionsToTake Starting
424 silly install generateActionsToTake
425 silly generateActionsToTake Finishing
426 silly diffTrees action count 8
427 silly diffTrees add bindings@1.2.1
428 silly diffTrees add core-util-is@1.0.2
429 silly diffTrees add isarray@0.0.1
430 silly diffTrees add nan@2.5.0
431 silly diffTrees add libpq@1.8.5
432 silly diffTrees add pg-types@1.6.0
433 silly diffTrees add readable-stream@1.0.31
434 silly diffTrees add pg-native@1.10.0
435 silly decomposeActions action count 64
436 silly decomposeActions fetch bindings@1.2.1
437 silly decomposeActions extract bindings@1.2.1
438 silly decomposeActions test bindings@1.2.1
439 silly decomposeActions preinstall bindings@1.2.1
440 silly decomposeActions build bindings@1.2.1
441 silly decomposeActions install bindings@1.2.1
442 silly decomposeActions postinstall bindings@1.2.1
443 silly decomposeActions finalize bindings@1.2.1
444 silly decomposeActions fetch core-util-is@1.0.2
445 silly decomposeActions extract core-util-is@1.0.2
446 silly decomposeActions test core-util-is@1.0.2
447 silly decomposeActions preinstall core-util-is@1.0.2
448 silly decomposeActions build core-util-is@1.0.2
449 silly decomposeActions install core-util-is@1.0.2
450 silly decomposeActions postinstall core-util-is@1.0.2
451 silly decomposeActions finalize core-util-is@1.0.2
452 silly decomposeActions fetch isarray@0.0.1
453 silly decomposeActions extract isarray@0.0.1
454 silly decomposeActions test isarray@0.0.1
455 silly decomposeActions preinstall isarray@0.0.1
456 silly decomposeActions build isarray@0.0.1
457 silly decomposeActions install isarray@0.0.1
458 silly decomposeActions postinstall isarray@0.0.1
459 silly decomposeActions finalize isarray@0.0.1
460 silly decomposeActions fetch nan@2.5.0
461 silly decomposeActions extract nan@2.5.0
462 silly decomposeActions test nan@2.5.0
463 silly decomposeActions preinstall nan@2.5.0
464 silly decomposeActions build nan@2.5.0
465 silly decomposeActions install nan@2.5.0
466 silly decomposeActions postinstall nan@2.5.0
467 silly decomposeActions finalize nan@2.5.0
468 silly decomposeActions fetch libpq@1.8.5
469 silly decomposeActions extract libpq@1.8.5
470 silly decomposeActions test libpq@1.8.5
471 silly decomposeActions preinstall libpq@1.8.5
472 silly decomposeActions build libpq@1.8.5
473 silly decomposeActions install libpq@1.8.5
474 silly decomposeActions postinstall libpq@1.8.5
475 silly decomposeActions finalize libpq@1.8.5
476 silly decomposeActions fetch pg-types@1.6.0
477 silly decomposeActions extract pg-types@1.6.0
478 silly decomposeActions test pg-types@1.6.0
479 silly decomposeActions preinstall pg-types@1.6.0
480 silly decomposeActions build pg-types@1.6.0
481 silly decomposeActions install pg-types@1.6.0
482 silly decomposeActions postinstall pg-types@1.6.0
483 silly decomposeActions finalize pg-types@1.6.0
484 silly decomposeActions fetch readable-stream@1.0.31
485 silly decomposeActions extract readable-stream@1.0.31
486 silly decomposeActions test readable-stream@1.0.31
487 silly decomposeActions preinstall readable-stream@1.0.31
488 silly decomposeActions build readable-stream@1.0.31
489 silly decomposeActions install readable-stream@1.0.31
490 silly decomposeActions postinstall readable-stream@1.0.31
491 silly decomposeActions finalize readable-stream@1.0.31
492 silly decomposeActions fetch pg-native@1.10.0
493 silly decomposeActions extract pg-native@1.10.0
494 silly decomposeActions test pg-native@1.10.0
495 silly decomposeActions preinstall pg-native@1.10.0
496 silly decomposeActions build pg-native@1.10.0
497 silly decomposeActions install pg-native@1.10.0
498 silly decomposeActions postinstall pg-native@1.10.0
499 silly decomposeActions finalize pg-native@1.10.0
500 silly runTopLevelLifecycles Starting
501 silly executeActions Starting
502 silly install executeActions
503 silly doSerial global-install 0
504 silly doParallel fetch 8
505 verbose correctMkdir /Users/JulianLima/.npm/_locks correctMkdir not in flight; initializing
506 verbose lock using /Users/JulianLima/.npm/_locks/staging-90740355750f4d56.lock for /Users/JulianLima/Servidores/Servicio-incidente/app/node_modules/.staging
507 silly doParallel extract 8
508 silly extract bindings@1.2.1
509 silly extract core-util-is@1.0.2
510 silly extract isarray@0.0.1
511 silly extract nan@2.5.0
512 silly extract libpq@1.8.5
513 silly extract pg-types@1.6.0
514 silly extract readable-stream@1.0.31
515 silly extract pg-native@1.10.0
516 verbose unbuild node_modules/.staging/bindings-02002e0e
517 verbose unbuild node_modules/.staging/core-util-is-ae08d827
518 verbose unbuild node_modules/.staging/isarray-e12bc0f6
519 verbose unbuild node_modules/.staging/nan-5c240f28
520 verbose unbuild node_modules/.staging/libpq-1b3d6e98
521 verbose unbuild node_modules/.staging/pg-types-61a33390
522 verbose unbuild node_modules/.staging/readable-stream-09541222
523 verbose unbuild node_modules/.staging/pg-native-715f4d97
524 silly gentlyRm /Users/JulianLima/Servidores/Servicio-incidente/app/node_modules/.staging/bindings-02002e0e is being purged from base /Users/JulianLima/Servidores/Servicio-incidente/app
525 verbose gentlyRm don't care about contents; nuking /Users/JulianLima/Servidores/Servicio-incidente/app/node_modules/.staging/bindings-02002e0e
526 silly gentlyRm /Users/JulianLima/Servidores/Servicio-incidente/app/node_modules/.staging/core-util-is-ae08d827 is being purged from base /Users/JulianLima/Servidores/Servicio-incidente/app
527 verbose gentlyRm don't care about contents; nuking /Users/JulianLima/Servidores/Servicio-incidente/app/node_modules/.staging/core-util-is-ae08d827
528 silly gentlyRm /Users/JulianLima/Servidores/Servicio-incidente/app/node_modules/.staging/isarray-e12bc0f6 is being purged from base /Users/JulianLima/Servidores/Servicio-incidente/app
529 verbose gentlyRm don't care about contents; nuking /Users/JulianLima/Servidores/Servicio-incidente/app/node_modules/.staging/isarray-e12bc0f6
530 silly gentlyRm /Users/JulianLima/Servidores/Servicio-incidente/app/node_modules/.staging/nan-5c240f28 is being purged from base /Users/JulianLima/Servidores/Servicio-incidente/app
531 verbose gentlyRm don't care about contents; nuking /Users/JulianLima/Servidores/Servicio-incidente/app/node_modules/.staging/nan-5c240f28
532 silly gentlyRm /Users/JulianLima/Servidores/Servicio-incidente/app/node_modules/.staging/libpq-1b3d6e98 is being purged from base /Users/JulianLima/Servidores/Servicio-incidente/app
533 verbose gentlyRm don't care about contents; nuking /Users/JulianLima/Servidores/Servicio-incidente/app/node_modules/.staging/libpq-1b3d6e98
534 silly gentlyRm /Users/JulianLima/Servidores/Servicio-incidente/app/node_modules/.staging/pg-types-61a33390 is being purged from base /Users/JulianLima/Servidores/Servicio-incidente/app
535 verbose gentlyRm don't care about contents; nuking /Users/JulianLima/Servidores/Servicio-incidente/app/node_modules/.staging/pg-types-61a33390
536 silly gentlyRm /Users/JulianLima/Servidores/Servicio-incidente/app/node_modules/.staging/readable-stream-09541222 is being purged from base /Users/JulianLima/Servidores/Servicio-incidente/app
537 verbose gentlyRm don't care about contents; nuking /Users/JulianLima/Servidores/Servicio-incidente/app/node_modules/.staging/readable-stream-09541222
538 silly gentlyRm /Users/JulianLima/Servidores/Servicio-incidente/app/node_modules/.staging/pg-native-715f4d97 is being purged from base /Users/JulianLima/Servidores/Servicio-incidente/app
539 verbose gentlyRm don't care about contents; nuking /Users/JulianLima/Servidores/Servicio-incidente/app/node_modules/.staging/pg-native-715f4d97
540 verbose tar unpack /Users/JulianLima/.npm/bindings/1.2.1/package.tgz
541 verbose tar unpacking to /Users/JulianLima/Servidores/Servicio-incidente/app/node_modules/.staging/bindings-02002e0e
542 silly gentlyRm /Users/JulianLima/Servidores/Servicio-incidente/app/node_modules/.staging/bindings-02002e0e is being purged
543 verbose gentlyRm don't care about contents; nuking /Users/JulianLima/Servidores/Servicio-incidente/app/node_modules/.staging/bindings-02002e0e
544 verbose tar unpack /Users/JulianLima/.npm/core-util-is/1.0.2/package.tgz
545 verbose tar unpacking to /Users/JulianLima/Servidores/Servicio-incidente/app/node_modules/.staging/core-util-is-ae08d827
546 silly gentlyRm /Users/JulianLima/Servidores/Servicio-incidente/app/node_modules/.staging/core-util-is-ae08d827 is being purged
547 verbose gentlyRm don't care about contents; nuking /Users/JulianLima/Servidores/Servicio-incidente/app/node_modules/.staging/core-util-is-ae08d827
548 verbose tar unpack /Users/JulianLima/.npm/isarray/0.0.1/package.tgz
549 verbose tar unpacking to /Users/JulianLima/Servidores/Servicio-incidente/app/node_modules/.staging/isarray-e12bc0f6
550 silly gentlyRm /Users/JulianLima/Servidores/Servicio-incidente/app/node_modules/.staging/isarray-e12bc0f6 is being purged
551 verbose gentlyRm don't care about contents; nuking /Users/JulianLima/Servidores/Servicio-incidente/app/node_modules/.staging/isarray-e12bc0f6
552 verbose tar unpack /Users/JulianLima/.npm/nan/2.5.0/package.tgz
553 verbose tar unpacking to /Users/JulianLima/Servidores/Servicio-incidente/app/node_modules/.staging/nan-5c240f28
554 silly gentlyRm /Users/JulianLima/Servidores/Servicio-incidente/app/node_modules/.staging/nan-5c240f28 is being purged
555 verbose gentlyRm don't care about contents; nuking /Users/JulianLima/Servidores/Servicio-incidente/app/node_modules/.staging/nan-5c240f28
556 verbose tar unpack /Users/JulianLima/.npm/libpq/1.8.5/package.tgz
557 verbose tar unpacking to /Users/JulianLima/Servidores/Servicio-incidente/app/node_modules/.staging/libpq-1b3d6e98
558 silly gentlyRm /Users/JulianLima/Servidores/Servicio-incidente/app/node_modules/.staging/libpq-1b3d6e98 is being purged
559 verbose gentlyRm don't care about contents; nuking /Users/JulianLima/Servidores/Servicio-incidente/app/node_modules/.staging/libpq-1b3d6e98
560 verbose tar unpack /Users/JulianLima/.npm/pg-types/1.6.0/package.tgz
561 verbose tar unpacking to /Users/JulianLima/Servidores/Servicio-incidente/app/node_modules/.staging/pg-types-61a33390
562 silly gentlyRm /Users/JulianLima/Servidores/Servicio-incidente/app/node_modules/.staging/pg-types-61a33390 is being purged
563 verbose gentlyRm don't care about contents; nuking /Users/JulianLima/Servidores/Servicio-incidente/app/node_modules/.staging/pg-types-61a33390
564 verbose tar unpack /Users/JulianLima/.npm/readable-stream/1.0.31/package.tgz
565 verbose tar unpacking to /Users/JulianLima/Servidores/Servicio-incidente/app/node_modules/.staging/readable-stream-09541222
566 silly gentlyRm /Users/JulianLima/Servidores/Servicio-incidente/app/node_modules/.staging/readable-stream-09541222 is being purged
567 verbose gentlyRm don't care about contents; nuking /Users/JulianLima/Servidores/Servicio-incidente/app/node_modules/.staging/readable-stream-09541222
568 verbose tar unpack /Users/JulianLima/.npm/pg-native/1.10.0/package.tgz
569 verbose tar unpacking to /Users/JulianLima/Servidores/Servicio-incidente/app/node_modules/.staging/pg-native-715f4d97
570 silly gentlyRm /Users/JulianLima/Servidores/Servicio-incidente/app/node_modules/.staging/pg-native-715f4d97 is being purged
571 verbose gentlyRm don't care about contents; nuking /Users/JulianLima/Servidores/Servicio-incidente/app/node_modules/.staging/pg-native-715f4d97
572 silly gunzTarPerm modes [ '755', '644' ]
573 silly gunzTarPerm modes [ '755', '644' ]
574 silly gunzTarPerm modes [ '755', '644' ]
575 silly gunzTarPerm modes [ '755', '644' ]
576 silly gunzTarPerm modes [ '755', '644' ]
577 silly gunzTarPerm modes [ '755', '644' ]
578 silly gunzTarPerm modes [ '755', '644' ]
579 silly gunzTarPerm modes [ '755', '644' ]
580 silly gunzTarPerm extractEntry package.json
581 silly gunzTarPerm extractEntry package.json
582 silly gunzTarPerm extractEntry package.json
583 silly gunzTarPerm extractEntry package.json
584 silly gunzTarPerm extractEntry package.json
585 silly gunzTarPerm extractEntry package.json
586 silly gunzTarPerm modified mode [ 'package.json', 436, 420 ]
587 silly gunzTarPerm extractEntry package.json
588 silly gunzTarPerm modified mode [ 'package.json', 436, 420 ]
589 silly gunzTarPerm extractEntry package.json
590 silly gunzTarPerm extractEntry README.md
591 silly gunzTarPerm extractEntry bindings.js
592 silly gunzTarPerm extractEntry README.md
593 silly gunzTarPerm extractEntry LICENSE
594 silly gunzTarPerm extractEntry README.md
595 silly gunzTarPerm extractEntry index.js
596 silly gunzTarPerm extractEntry .npmignore
597 silly gunzTarPerm extractEntry README.md
598 silly gunzTarPerm extractEntry .npmignore
599 silly gunzTarPerm extractEntry README.md
600 silly gunzTarPerm extractEntry .npmignore
601 silly gunzTarPerm extractEntry README.md
602 silly gunzTarPerm modified mode [ 'README.md', 436, 420 ]
603 silly gunzTarPerm extractEntry .npmignore
604 silly gunzTarPerm extractEntry README.md
605 silly gunzTarPerm extractEntry README.md
606 silly gunzTarPerm modified mode [ 'README.md', 436, 420 ]
607 silly gunzTarPerm extractEntry include_dirs.js
608 silly gunzTarPerm modified mode [ 'include_dirs.js', 436, 420 ]
609 silly gunzTarPerm extractEntry test.js
610 silly gunzTarPerm extractEntry float.patch
611 silly gunzTarPerm extractEntry build/build.js
612 silly gunzTarPerm extractEntry component.json
613 silly gunzTarPerm extractEntry index.js
614 silly gunzTarPerm extractEntry index.js
615 silly gunzTarPerm extractEntry .travis.yml
616 silly gunzTarPerm extractEntry LICENSE
617 silly gunzTarPerm modified mode [ 'LICENSE', 436, 420 ]
618 silly gunzTarPerm extractEntry transform.js
619 silly gunzTarPerm extractEntry index.js
620 silly gunzTarPerm extractEntry bench/index.js
621 silly gunzTarPerm extractEntry bench/leaks.js
622 silly gunzTarPerm extractEntry .travis.yml
623 silly gunzTarPerm extractEntry Makefile
624 silly gunzTarPerm extractEntry lib/copy-stream.js
625 silly gunzTarPerm extractEntry test/array-mode.js
626 silly gunzTarPerm extractEntry test/custom-types.js
627 silly gunzTarPerm extractEntry test/domains.js
628 silly gunzTarPerm extractEntry test/huge-query.js
629 silly gunzTarPerm extractEntry test/copy-to.js
630 silly gunzTarPerm extractEntry test/async-workflow.js
631 silly gunzTarPerm extractEntry test/many-connections.js
632 silly gunzTarPerm extractEntry test/many-errors.js
633 silly gunzTarPerm extractEntry test/query-sync.js
634 silly gunzTarPerm extractEntry test/multiple-queries.js
635 silly gunzTarPerm extractEntry test/copy-from.js
636 silly gunzTarPerm extractEntry test/notify.js
637 silly gunzTarPerm extractEntry test/connection.js
638 silly gunzTarPerm extractEntry test/prepare.js
639 silly gunzTarPerm extractEntry test/cancel.js
640 silly gunzTarPerm extractEntry test/query-async.js
641 silly gunzTarPerm extractEntry test/index.js
642 silly gunzTarPerm extractEntry test/version.js
643 silly gunzTarPerm extractEntry test/load.js
644 silly gunzTarPerm extractEntry test/mocha.opts
645 silly gunzTarPerm extractEntry nan_converters.h
646 silly gunzTarPerm modified mode [ 'nan_converters.h', 436, 420 ]
647 silly gunzTarPerm extractEntry CHANGELOG.md
648 silly gunzTarPerm modified mode [ 'CHANGELOG.md', 436, 420 ]
649 silly gunzTarPerm extractEntry LICENSE.md
650 silly gunzTarPerm modified mode [ 'LICENSE.md', 436, 420 ]
651 silly gunzTarPerm extractEntry doc/node_misc.md
652 silly gunzTarPerm modified mode [ 'doc/node_misc.md', 436, 420 ]
653 silly gunzTarPerm extractEntry binding.gyp
654 silly gunzTarPerm extractEntry .travis.yml
655 silly gunzTarPerm extractEntry Makefile
656 silly gunzTarPerm extractEntry lib/util.js
657 silly gunzTarPerm extractEntry Makefile
658 silly gunzTarPerm extractEntry lib/arrayParser.js
659 silly gunzTarPerm extractEntry duplex.js
660 silly gunzTarPerm extractEntry readable.js
661 silly gunzTarPerm modified mode [ 'readable.js', 436, 420 ]
662 silly gunzTarPerm extractEntry src/addon.cc
663 silly gunzTarPerm extractEntry doc/asyncworker.md
664 silly gunzTarPerm modified mode [ 'doc/asyncworker.md', 436, 420 ]
665 silly gunzTarPerm extractEntry doc/callback.md
666 silly gunzTarPerm modified mode [ 'doc/callback.md', 436, 420 ]
667 silly gunzTarPerm extractEntry lib/binaryParsers.js
668 silly gunzTarPerm extractEntry lib/textParsers.js
669 silly gunzTarPerm extractEntry test/array.js
670 silly gunzTarPerm extractEntry test/assert.js
671 silly gunzTarPerm extractEntry test/dates.js
672 silly gunzTarPerm extractEntry test/index.js
673 silly gunzTarPerm extractEntry passthrough.js
674 silly gunzTarPerm extractEntry writable.js
675 silly gunzTarPerm extractEntry src/addon.h
676 silly gunzTarPerm extractEntry src/connect-async-worker.cc
677 silly gunzTarPerm extractEntry doc/converters.md
678 silly gunzTarPerm modified mode [ 'doc/converters.md', 436, 420 ]
679 silly gunzTarPerm extractEntry doc/errors.md
680 silly gunzTarPerm modified mode [ 'doc/errors.md', 436, 420 ]
681 silly gunzTarPerm extractEntry lib/_stream_duplex.js
682 silly gunzTarPerm modified mode [ 'lib/_stream_duplex.js', 436, 420 ]
683 silly gunzTarPerm extractEntry lib/_stream_passthrough.js
684 silly gunzTarPerm modified mode [ 'lib/_stream_passthrough.js', 436, 420 ]
685 silly gunzTarPerm extractEntry src/connect-async-worker.h
686 silly gunzTarPerm extractEntry src/connection.cc
687 silly gunzTarPerm extractEntry doc/maybe_types.md
688 silly gunzTarPerm modified mode [ 'doc/maybe_types.md', 436, 420 ]
689 silly gunzTarPerm extractEntry doc/methods.md
690 silly gunzTarPerm modified mode [ 'doc/methods.md', 436, 420 ]
691 silly gunzTarPerm extractEntry doc/new.md
692 silly gunzTarPerm modified mode [ 'doc/new.md', 436, 420 ]
693 silly gentlyRm /Users/JulianLima/Servidores/Servicio-incidente/app/node_modules/.staging/bindings-02002e0e/node_modules is being purged
694 verbose gentlyRm don't care about contents; nuking /Users/JulianLima/Servidores/Servicio-incidente/app/node_modules/.staging/bindings-02002e0e/node_modules
695 silly gunzTarPerm extractEntry lib/_stream_readable.js
696 silly gunzTarPerm modified mode [ 'lib/_stream_readable.js', 436, 420 ]
697 silly gunzTarPerm extractEntry src/connection.h
698 silly gunzTarPerm extractEntry test/async-connection.js
699 silly gunzTarPerm extractEntry doc/buffers.md
700 silly gunzTarPerm modified mode [ 'doc/buffers.md', 436, 420 ]
701 silly gunzTarPerm extractEntry doc/object_wrappers.md
702 silly gunzTarPerm modified mode [ 'doc/object_wrappers.md', 436, 420 ]
703 silly gunzTarPerm extractEntry lib/_stream_transform.js
704 silly gunzTarPerm modified mode [ 'lib/_stream_transform.js', 436, 420 ]
705 silly gunzTarPerm extractEntry lib/_stream_writable.js
706 silly gunzTarPerm modified mode [ 'lib/_stream_writable.js', 436, 420 ]
707 silly gunzTarPerm extractEntry test/escaping.js
708 silly gunzTarPerm extractEntry test/helper.js
709 silly gunzTarPerm extractEntry doc/persistent.md
710 silly gunzTarPerm modified mode [ 'doc/persistent.md', 436, 420 ]
711 silly gunzTarPerm extractEntry doc/scopes.md
712 silly gunzTarPerm modified mode [ 'doc/scopes.md', 436, 420 ]
713 silly gentlyRm /Users/JulianLima/Servidores/Servicio-incidente/app/node_modules/.staging/isarray-e12bc0f6/node_modules is being purged
714 verbose gentlyRm don't care about contents; nuking /Users/JulianLima/Servidores/Servicio-incidente/app/node_modules/.staging/isarray-e12bc0f6/node_modules
715 silly gunzTarPerm extractEntry test/index.js
716 silly gunzTarPerm extractEntry test/error-info.js
717 silly gunzTarPerm extractEntry doc/script.md
718 silly gunzTarPerm modified mode [ 'doc/script.md', 436, 420 ]
719 silly gunzTarPerm extractEntry doc/string_bytes.md
720 silly gunzTarPerm modified mode [ 'doc/string_bytes.md', 436, 420 ]
721 silly gentlyRm /Users/JulianLima/Servidores/Servicio-incidente/app/node_modules/.staging/core-util-is-ae08d827/node_modules is being purged
722 verbose gentlyRm don't care about contents; nuking /Users/JulianLima/Servidores/Servicio-incidente/app/node_modules/.staging/core-util-is-ae08d827/node_modules
723 silly gunzTarPerm extractEntry test/async-socket.js
724 silly gunzTarPerm extractEntry test/sync-prepare.js
725 silly gunzTarPerm extractEntry doc/v8_internals.md
726 silly gunzTarPerm modified mode [ 'doc/v8_internals.md', 436, 420 ]
727 silly gunzTarPerm extractEntry doc/v8_misc.md
728 silly gunzTarPerm modified mode [ 'doc/v8_misc.md', 436, 420 ]
729 silly gunzTarPerm extractEntry test/multiple-queries.js
730 silly gunzTarPerm extractEntry test/non-blocking-controls.js
731 silly gunzTarPerm extractEntry nan.h
732 silly gunzTarPerm modified mode [ 'nan.h', 436, 420 ]
733 silly gunzTarPerm extractEntry nan_callbacks.h
734 silly gunzTarPerm modified mode [ 'nan_callbacks.h', 436, 420 ]
735 silly gunzTarPerm extractEntry test/notification.js
736 silly gunzTarPerm extractEntry test/error-conditions.js
737 silly gunzTarPerm extractEntry nan_callbacks_12_inl.h
738 silly gunzTarPerm modified mode [ 'nan_callbacks_12_inl.h', 436, 420 ]
739 silly gunzTarPerm extractEntry nan_callbacks_pre_12_inl.h
740 silly gunzTarPerm modified mode [ 'nan_callbacks_pre_12_inl.h', 436, 420 ]
741 silly gunzTarPerm extractEntry test/result-accessors.js
742 silly gunzTarPerm extractEntry test/copy-out.js
743 silly gunzTarPerm extractEntry test/server-version.js
744 silly gunzTarPerm extractEntry test/copy-in.js
745 silly gunzTarPerm extractEntry nan_converters_43_inl.h
746 silly gunzTarPerm modified mode [ 'nan_converters_43_inl.h', 436, 420 ]
747 silly gunzTarPerm extractEntry nan_converters_pre_43_inl.h
748 silly gunzTarPerm modified mode [ 'nan_converters_pre_43_inl.h', 436, 420 ]
749 silly gunzTarPerm extractEntry nan_implementation_12_inl.h
750 silly gunzTarPerm modified mode [ 'nan_implementation_12_inl.h', 436, 420 ]
751 silly gunzTarPerm extractEntry nan_implementation_pre_12_inl.h
752 silly gunzTarPerm modified mode [ 'nan_implementation_pre_12_inl.h', 436, 420 ]
753 silly gunzTarPerm extractEntry test/socket.js
754 silly gunzTarPerm extractEntry test/construction.js
755 silly gunzTarPerm extractEntry nan_maybe_43_inl.h
756 silly gunzTarPerm modified mode [ 'nan_maybe_43_inl.h', 436, 420 ]
757 silly gunzTarPerm extractEntry nan_maybe_pre_43_inl.h
758 silly gunzTarPerm modified mode [ 'nan_maybe_pre_43_inl.h', 436, 420 ]
759 silly gunzTarPerm extractEntry nan_new.h
760 silly gunzTarPerm modified mode [ 'nan_new.h', 436, 420 ]
761 silly gunzTarPerm extractEntry nan_object_wrap.h
762 silly gunzTarPerm modified mode [ 'nan_object_wrap.h', 436, 420 ]
763 silly gunzTarPerm extractEntry test/sync-integration.js
764 silly gunzTarPerm extractEntry test/cancel.js
765 silly gunzTarPerm extractEntry nan_persistent_12_inl.h
766 silly gunzTarPerm modified mode [ 'nan_persistent_12_inl.h', 436, 420 ]
767 silly gunzTarPerm extractEntry nan_persistent_pre_12_inl.h
768 silly gunzTarPerm modified mode [ 'nan_persistent_pre_12_inl.h', 436, 420 ]
769 silly gunzTarPerm extractEntry test/sync-parameters.js
770 silly gunzTarPerm extractEntry test/load.js
771 silly gentlyRm /Users/JulianLima/Servidores/Servicio-incidente/app/node_modules/.staging/pg-types-61a33390/node_modules is being purged
772 verbose gentlyRm don't care about contents; nuking /Users/JulianLima/Servidores/Servicio-incidente/app/node_modules/.staging/pg-types-61a33390/node_modules
773 silly gunzTarPerm extractEntry nan_private.h
774 silly gunzTarPerm modified mode [ 'nan_private.h', 436, 420 ]
775 silly gunzTarPerm extractEntry nan_string_bytes.h
776 silly gunzTarPerm modified mode [ 'nan_string_bytes.h', 436, 420 ]
777 silly gunzTarPerm extractEntry test/sync.js
778 silly gunzTarPerm extractEntry test/many-connections.js
779 silly gentlyRm /Users/JulianLima/Servidores/Servicio-incidente/app/node_modules/.staging/readable-stream-09541222/node_modules is being purged
780 verbose gentlyRm don't care about contents; nuking /Users/JulianLima/Servidores/Servicio-incidente/app/node_modules/.staging/readable-stream-09541222/node_modules
781 silly gunzTarPerm extractEntry nan_typedarray_contents.h
782 silly gunzTarPerm modified mode [ 'nan_typedarray_contents.h', 436, 420 ]
783 silly gunzTarPerm extractEntry nan_weak.h
784 silly gunzTarPerm modified mode [ 'nan_weak.h', 436, 420 ]
785 silly gunzTarPerm extractEntry test/mocha.opts
786 silly gunzTarPerm extractEntry tools/package.json
787 silly gunzTarPerm modified mode [ 'tools/package.json', 436, 420 ]
788 silly gunzTarPerm extractEntry tools/README.md
789 silly gunzTarPerm modified mode [ 'tools/README.md', 436, 420 ]
790 silly gunzTarPerm extractEntry tools/1to2.js
791 silly gunzTarPerm modified mode [ 'tools/1to2.js', 509, 493 ]
792 silly gentlyRm /Users/JulianLima/Servidores/Servicio-incidente/app/node_modules/.staging/pg-native-715f4d97/node_modules is being purged
793 verbose gentlyRm don't care about contents; nuking /Users/JulianLima/Servidores/Servicio-incidente/app/node_modules/.staging/pg-native-715f4d97/node_modules
794 silly gentlyRm /Users/JulianLima/Servidores/Servicio-incidente/app/node_modules/.staging/libpq-1b3d6e98/node_modules is being purged
795 verbose gentlyRm don't care about contents; nuking /Users/JulianLima/Servidores/Servicio-incidente/app/node_modules/.staging/libpq-1b3d6e98/node_modules
796 silly gentlyRm /Users/JulianLima/Servidores/Servicio-incidente/app/node_modules/.staging/nan-5c240f28/node_modules is being purged
797 verbose gentlyRm don't care about contents; nuking /Users/JulianLima/Servidores/Servicio-incidente/app/node_modules/.staging/nan-5c240f28/node_modules
798 silly doParallel preinstall 8
799 silly preinstall bindings@1.2.1 /Users/JulianLima/Servidores/Servicio-incidente/app/node_modules/.staging/bindings-02002e0e
800 info lifecycle bindings@1.2.1~preinstall: bindings@1.2.1
801 silly preinstall core-util-is@1.0.2 /Users/JulianLima/Servidores/Servicio-incidente/app/node_modules/.staging/core-util-is-ae08d827
802 info lifecycle core-util-is@1.0.2~preinstall: core-util-is@1.0.2
803 silly preinstall isarray@0.0.1 /Users/JulianLima/Servidores/Servicio-incidente/app/node_modules/.staging/isarray-e12bc0f6
804 info lifecycle isarray@0.0.1~preinstall: isarray@0.0.1
805 silly preinstall nan@2.5.0 /Users/JulianLima/Servidores/Servicio-incidente/app/node_modules/.staging/nan-5c240f28
806 info lifecycle nan@2.5.0~preinstall: nan@2.5.0
807 silly preinstall libpq@1.8.5 /Users/JulianLima/Servidores/Servicio-incidente/app/node_modules/.staging/libpq-1b3d6e98
808 info lifecycle libpq@1.8.5~preinstall: libpq@1.8.5
809 silly preinstall pg-types@1.6.0 /Users/JulianLima/Servidores/Servicio-incidente/app/node_modules/.staging/pg-types-61a33390
810 info lifecycle pg-types@1.6.0~preinstall: pg-types@1.6.0
811 silly preinstall readable-stream@1.0.31 /Users/JulianLima/Servidores/Servicio-incidente/app/node_modules/.staging/readable-stream-09541222
812 info lifecycle readable-stream@1.0.31~preinstall: readable-stream@1.0.31
813 silly preinstall pg-native@1.10.0 /Users/JulianLima/Servidores/Servicio-incidente/app/node_modules/.staging/pg-native-715f4d97
814 info lifecycle pg-native@1.10.0~preinstall: pg-native@1.10.0
815 silly lifecycle bindings@1.2.1~preinstall: no script for preinstall, continuing
816 silly lifecycle core-util-is@1.0.2~preinstall: no script for preinstall, continuing
817 silly lifecycle isarray@0.0.1~preinstall: no script for preinstall, continuing
818 silly lifecycle nan@2.5.0~preinstall: no script for preinstall, continuing
819 silly lifecycle libpq@1.8.5~preinstall: no script for preinstall, continuing
820 silly lifecycle pg-types@1.6.0~preinstall: no script for preinstall, continuing
821 silly lifecycle readable-stream@1.0.31~preinstall: no script for preinstall, continuing
822 silly lifecycle pg-native@1.10.0~preinstall: no script for preinstall, continuing
823 silly doReverseSerial remove 0
824 silly doSerial move 0
825 silly doSerial finalize 8
826 silly finalize /Users/JulianLima/Servidores/Servicio-incidente/app/node_modules/bindings
827 silly finalize /Users/JulianLima/Servidores/Servicio-incidente/app/node_modules/core-util-is
828 silly finalize /Users/JulianLima/Servidores/Servicio-incidente/app/node_modules/isarray
829 silly finalize /Users/JulianLima/Servidores/Servicio-incidente/app/node_modules/nan
830 silly finalize /Users/JulianLima/Servidores/Servicio-incidente/app/node_modules/libpq
831 silly finalize /Users/JulianLima/Servidores/Servicio-incidente/app/node_modules/pg-native/node_modules/pg-types
832 silly finalize /Users/JulianLima/Servidores/Servicio-incidente/app/node_modules/readable-stream
833 silly finalize /Users/JulianLima/Servidores/Servicio-incidente/app/node_modules/pg-native
834 silly doSerial build 8
835 silly build bindings@1.2.1
836 info linkStuff bindings@1.2.1
837 silly linkStuff bindings@1.2.1 has /Users/JulianLima/Servidores/Servicio-incidente/app/node_modules as its parent node_modules
838 verbose linkBins bindings@1.2.1
839 verbose linkMans bindings@1.2.1
840 silly build core-util-is@1.0.2
841 info linkStuff core-util-is@1.0.2
842 silly linkStuff core-util-is@1.0.2 has /Users/JulianLima/Servidores/Servicio-incidente/app/node_modules as its parent node_modules
843 verbose linkBins core-util-is@1.0.2
844 verbose linkMans core-util-is@1.0.2
845 silly build isarray@0.0.1
846 info linkStuff isarray@0.0.1
847 silly linkStuff isarray@0.0.1 has /Users/JulianLima/Servidores/Servicio-incidente/app/node_modules as its parent node_modules
848 verbose linkBins isarray@0.0.1
849 verbose linkMans isarray@0.0.1
850 silly build nan@2.5.0
851 info linkStuff nan@2.5.0
852 silly linkStuff nan@2.5.0 has /Users/JulianLima/Servidores/Servicio-incidente/app/node_modules as its parent node_modules
853 verbose linkBins nan@2.5.0
854 verbose linkMans nan@2.5.0
855 silly build libpq@1.8.5
856 info linkStuff libpq@1.8.5
857 silly linkStuff libpq@1.8.5 has /Users/JulianLima/Servidores/Servicio-incidente/app/node_modules as its parent node_modules
858 verbose linkBins libpq@1.8.5
859 verbose linkMans libpq@1.8.5
860 silly build pg-types@1.6.0
861 info linkStuff pg-types@1.6.0
862 silly linkStuff pg-types@1.6.0 has /Users/JulianLima/Servidores/Servicio-incidente/app/node_modules/pg-native/node_modules as its parent node_modules
863 verbose linkBins pg-types@1.6.0
864 verbose linkMans pg-types@1.6.0
865 silly build readable-stream@1.0.31
866 info linkStuff readable-stream@1.0.31
867 silly linkStuff readable-stream@1.0.31 has /Users/JulianLima/Servidores/Servicio-incidente/app/node_modules as its parent node_modules
868 verbose linkBins readable-stream@1.0.31
869 verbose linkMans readable-stream@1.0.31
870 silly build pg-native@1.10.0
871 info linkStuff pg-native@1.10.0
872 silly linkStuff pg-native@1.10.0 has /Users/JulianLima/Servidores/Servicio-incidente/app/node_modules as its parent node_modules
873 verbose linkBins pg-native@1.10.0
874 verbose linkMans pg-native@1.10.0
875 silly doSerial global-link 0
876 silly doParallel update-linked 0
877 silly doSerial install 8
878 silly install bindings@1.2.1 /Users/JulianLima/Servidores/Servicio-incidente/app/node_modules/.staging/bindings-02002e0e
879 info lifecycle bindings@1.2.1~install: bindings@1.2.1
880 silly lifecycle bindings@1.2.1~install: no script for install, continuing
881 silly install core-util-is@1.0.2 /Users/JulianLima/Servidores/Servicio-incidente/app/node_modules/.staging/core-util-is-ae08d827
882 info lifecycle core-util-is@1.0.2~install: core-util-is@1.0.2
883 silly lifecycle core-util-is@1.0.2~install: no script for install, continuing
884 silly install isarray@0.0.1 /Users/JulianLima/Servidores/Servicio-incidente/app/node_modules/.staging/isarray-e12bc0f6
885 info lifecycle isarray@0.0.1~install: isarray@0.0.1
886 silly lifecycle isarray@0.0.1~install: no script for install, continuing
887 silly install nan@2.5.0 /Users/JulianLima/Servidores/Servicio-incidente/app/node_modules/.staging/nan-5c240f28
888 info lifecycle nan@2.5.0~install: nan@2.5.0
889 silly lifecycle nan@2.5.0~install: no script for install, continuing
890 silly install libpq@1.8.5 /Users/JulianLima/Servidores/Servicio-incidente/app/node_modules/.staging/libpq-1b3d6e98
891 info lifecycle libpq@1.8.5~install: libpq@1.8.5
892 verbose lifecycle libpq@1.8.5~install: unsafe-perm in lifecycle true
893 verbose lifecycle libpq@1.8.5~install: PATH: /usr/local/Cellar/openssl/1.0.2j/lib/libcrypto.1.0.0.dylib/node_modules/npm/bin/node-gyp-bin:/Users/JulianLima/Servidores/Servicio-incidente/app/node_modules/libpq/node_modules/.bin:/Users/JulianLima/Servidores/Servicio-incidente/app/node_modules/.bin:/usr/local/openssl/bin:/Users/JulianLima/.rbenv/shims:/usr/local/bin:/usr/bin:/bin:/usr/sbin:/sbin:/usr/local/share/dotnet:/Library/Frameworks/Mono.framework/Versions/Current/Commands:/Library/TeX/texbin
894 verbose lifecycle libpq@1.8.5~install: CWD: /Users/JulianLima/Servidores/Servicio-incidente/app/node_modules/libpq
895 silly lifecycle libpq@1.8.5~install: Args: [ '-c', 'node-gyp rebuild' ]
896 silly lifecycle libpq@1.8.5~install: Returned: code: 1  signal: null
897 info lifecycle libpq@1.8.5~install: Failed to exec install script
898 verbose unlock done using /Users/JulianLima/.npm/_locks/staging-90740355750f4d56.lock for /Users/JulianLima/Servidores/Servicio-incidente/app/node_modules/.staging
899 silly rollbackFailedOptional Starting
900 silly rollbackFailedOptional Finishing
901 silly runTopLevelLifecycles Finishing
902 silly install printInstalled
903 warn servicio-incidente@1.0.0 No repository field.
904 verbose If you need help, you may report this error at:
904 verbose     <https://github.com/npm/npm/issues>
905 verbose stack Error: libpq@1.8.5 install: `node-gyp rebuild`
905 verbose stack Exit status 1
905 verbose stack     at EventEmitter.<anonymous> (/usr/local/Cellar/openssl/1.0.2j/lib/libcrypto.1.0.0.dylib/node_modules/npm/lib/utils/lifecycle.js:255:16)
905 verbose stack     at emitTwo (events.js:106:13)
905 verbose stack     at EventEmitter.emit (events.js:191:7)
905 verbose stack     at ChildProcess.<anonymous> (/usr/local/Cellar/openssl/1.0.2j/lib/libcrypto.1.0.0.dylib/node_modules/npm/lib/utils/spawn.js:40:14)
905 verbose stack     at emitTwo (events.js:106:13)
905 verbose stack     at ChildProcess.emit (events.js:191:7)
905 verbose stack     at maybeClose (internal/child_process.js:877:16)
905 verbose stack     at Process.ChildProcess._handle.onexit (internal/child_process.js:226:5)
906 verbose pkgid libpq@1.8.5
907 verbose cwd /Users/JulianLima/Servidores/Servicio-incidente/app
908 error Darwin 16.3.0
909 error argv "/usr/local/bin/node" "/usr/local/bin/npm" "i" "pg-native"
910 error node v6.9.2
911 error npm  v3.10.9
912 error code ELIFECYCLE
913 error libpq@1.8.5 install: `node-gyp rebuild`
913 error Exit status 1
914 error Failed at the libpq@1.8.5 install script 'node-gyp rebuild'.
914 error Make sure you have the latest version of node.js and npm installed.
914 error If you do, this is most likely a problem with the libpq package,
914 error not with npm itself.
914 error Tell the author that this fails on your system:
914 error     node-gyp rebuild
914 error You can get information on how to open an issue for this project with:
914 error     npm bugs libpq
914 error Or if that isn't available, you can get their info via:
914 error     npm owner ls libpq
914 error There is likely additional logging output above.
915 verbose exit [ 1, true ]
